<?xml version="1.0" encoding="UTF-8"?>
<?xml-stylesheet type="text/xsl" href="ivy-report.xsl"?>
<ivy-report version="1.0">
	<info
		organisation="test-automation-with-selenium"
		module="test-automation-with-selenium_2.12"
		revision="1.0"
		conf="compile"
		confs="compile, runtime, test, provided, optional, compile-internal, runtime-internal, test-internal, plugin, sources, docs, pom, scala-tool"
		date="20170528023826"/>
	<dependencies>
		<module organisation="org.scala-lang" name="scala-reflect">
			<revision name="2.12.2" status="release" pubdate="20170413134812" resolver="sbt-chain" artresolver="sbt-chain" homepage="http://www.scala-lang.org/" extra-info.apiURL="http://www.scala-lang.org/api/2.12.2/" downloaded="false" searched="false" default="false" conf="compile, runtime(*), master(compile), runtime, compile(*), master" position="53">
				<license name="BSD 3-Clause" url="http://www.scala-lang.org/license.html"/>
				<metadata-artifact status="no" details="" size="2825" time="0" location="/home/knoldus/.ivy2/cache/org.scala-lang/scala-reflect/ivy-2.12.2.xml" searched="false" origin-is-local="false" origin-location="https://repo1.maven.org/maven2/org/scala-lang/scala-reflect/2.12.2/scala-reflect-2.12.2.pom"/>
				<caller organisation="org.scalatest" name="scalatest_2.12" conf="default, compile, runtime, master" rev="2.12.2" rev-constraint-default="2.12.2" rev-constraint-dynamic="2.12.2" callerrev="3.0.3"/>
				<caller organisation="org.scalactic" name="scalactic_2.12" conf="compile, runtime" rev="2.12.2" rev-constraint-default="2.12.2" rev-constraint-dynamic="2.12.2" callerrev="3.0.3"/>
				<artifacts>
					<artifact name="scala-reflect" type="jar" ext="jar" status="no" details="" size="3553181" time="0" location="/home/knoldus/.ivy2/cache/org.scala-lang/scala-reflect/jars/scala-reflect-2.12.2.jar">
						<origin-location is-local="false" location="https://repo1.maven.org/maven2/org/scala-lang/scala-reflect/2.12.2/scala-reflect-2.12.2.jar"/>
					</artifact>
				</artifacts>
			</revision>
		</module>
		<module organisation="org.scalatest" name="scalatest_2.12">
			<revision name="3.0.3" status="release" pubdate="20170420150153" resolver="sbt-chain" artresolver="sbt-chain" homepage="http://www.scalatest.org" downloaded="false" searched="false" default="false" conf="default, compile, runtime, default(compile), master" position="51">
				<license name="the Apache License, ASL Version 2.0" url="http://www.apache.org/licenses/LICENSE-2.0"/>
				<metadata-artifact status="no" details="" size="4901" time="0" location="/home/knoldus/.ivy2/cache/org.scalatest/scalatest_2.12/ivy-3.0.3.xml" searched="false" origin-is-local="false" origin-location="https://repo1.maven.org/maven2/org/scalatest/scalatest_2.12/3.0.3/scalatest_2.12-3.0.3.pom"/>
				<caller organisation="test-automation-with-selenium" name="test-automation-with-selenium_2.12" conf="compile" rev="3.0.3" rev-constraint-default="3.0.3" rev-constraint-dynamic="3.0.3" callerrev="1.0"/>
				<artifacts>
					<artifact name="scalatest_2.12" type="bundle" ext="jar" status="no" details="" size="6992631" time="0" location="/home/knoldus/.ivy2/cache/org.scalatest/scalatest_2.12/bundles/scalatest_2.12-3.0.3.jar">
						<origin-location is-local="false" location="https://repo1.maven.org/maven2/org/scalatest/scalatest_2.12/3.0.3/scalatest_2.12-3.0.3.jar"/>
					</artifact>
				</artifacts>
			</revision>
		</module>
		<module organisation="org.scala-lang.modules" name="scala-parser-combinators_2.12">
			<revision name="1.0.4" status="release" pubdate="20161029044045" resolver="sbt-chain" artresolver="sbt-chain" homepage="http://www.scala-lang.org/" downloaded="false" searched="false" default="false" conf="compile, runtime(*), master(compile), runtime, compile(*), master" position="55">
				<license name="BSD 3-clause" url="http://opensource.org/licenses/BSD-3-Clause"/>
				<metadata-artifact status="no" details="" size="2929" time="0" location="/home/knoldus/.ivy2/cache/org.scala-lang.modules/scala-parser-combinators_2.12/ivy-1.0.4.xml" searched="false" origin-is-local="false" origin-location="https://repo1.maven.org/maven2/org/scala-lang/modules/scala-parser-combinators_2.12/1.0.4/scala-parser-combinators_2.12-1.0.4.pom"/>
				<caller organisation="org.scalatest" name="scalatest_2.12" conf="default, compile, runtime, master" rev="1.0.4" rev-constraint-default="1.0.4" rev-constraint-dynamic="1.0.4" callerrev="3.0.3"/>
				<artifacts>
					<artifact name="scala-parser-combinators_2.12" type="bundle" ext="jar" status="no" details="" size="204313" time="0" location="/home/knoldus/.ivy2/cache/org.scala-lang.modules/scala-parser-combinators_2.12/bundles/scala-parser-combinators_2.12-1.0.4.jar">
						<origin-location is-local="false" location="https://repo1.maven.org/maven2/org/scala-lang/modules/scala-parser-combinators_2.12/1.0.4/scala-parser-combinators_2.12-1.0.4.jar"/>
					</artifact>
				</artifacts>
			</revision>
		</module>
		<module organisation="org.scala-lang.modules" name="scala-xml_2.12">
			<revision name="1.0.5" status="release" pubdate="20161029044007" resolver="sbt-chain" artresolver="sbt-chain" homepage="http://www.scala-lang.org/" downloaded="false" searched="false" default="false" conf="compile, runtime(*), master(compile), runtime, compile(*), master" position="54">
				<license name="BSD 3-clause" url="http://opensource.org/licenses/BSD-3-Clause"/>
				<metadata-artifact status="no" details="" size="3137" time="0" location="/home/knoldus/.ivy2/cache/org.scala-lang.modules/scala-xml_2.12/ivy-1.0.5.xml" searched="false" origin-is-local="false" origin-location="https://repo1.maven.org/maven2/org/scala-lang/modules/scala-xml_2.12/1.0.5/scala-xml_2.12-1.0.5.pom"/>
				<caller organisation="org.scalatest" name="scalatest_2.12" conf="default, compile, runtime, master" rev="1.0.5" rev-constraint-default="1.0.5" rev-constraint-dynamic="1.0.5" callerrev="3.0.3"/>
				<artifacts>
					<artifact name="scala-xml_2.12" type="bundle" ext="jar" status="no" details="" size="548430" time="0" location="/home/knoldus/.ivy2/cache/org.scala-lang.modules/scala-xml_2.12/bundles/scala-xml_2.12-1.0.5.jar">
						<origin-location is-local="false" location="https://repo1.maven.org/maven2/org/scala-lang/modules/scala-xml_2.12/1.0.5/scala-xml_2.12-1.0.5.jar"/>
					</artifact>
				</artifacts>
			</revision>
		</module>
		<module organisation="org.scalactic" name="scalactic_2.12">
			<revision name="3.0.3" status="release" pubdate="20170420145901" resolver="sbt-chain" artresolver="sbt-chain" homepage="http://www.scalatest.org" downloaded="false" searched="false" default="false" conf="compile, runtime(*), master(compile), runtime, compile(*), master" position="52">
				<license name="the Apache License, ASL Version 2.0" url="http://www.apache.org/licenses/LICENSE-2.0"/>
				<metadata-artifact status="no" details="" size="2967" time="0" location="/home/knoldus/.ivy2/cache/org.scalactic/scalactic_2.12/ivy-3.0.3.xml" searched="false" origin-is-local="false" origin-location="https://repo1.maven.org/maven2/org/scalactic/scalactic_2.12/3.0.3/scalactic_2.12-3.0.3.pom"/>
				<caller organisation="org.scalatest" name="scalatest_2.12" conf="default, compile, runtime, master" rev="3.0.3" rev-constraint-default="3.0.3" rev-constraint-dynamic="3.0.3" callerrev="3.0.3"/>
				<artifacts>
					<artifact name="scalactic_2.12" type="bundle" ext="jar" status="no" details="" size="705558" time="0" location="/home/knoldus/.ivy2/cache/org.scalactic/scalactic_2.12/bundles/scalactic_2.12-3.0.3.jar">
						<origin-location is-local="false" location="https://repo1.maven.org/maven2/org/scalactic/scalactic_2.12/3.0.3/scalactic_2.12-3.0.3.jar"/>
					</artifact>
				</artifacts>
			</revision>
		</module>
		<module organisation="org.testng" name="testng">
			<revision name="6.11" status="release" pubdate="20170303094457" resolver="sbt-chain" artresolver="sbt-chain" homepage="http://testng.org" downloaded="false" searched="false" default="false" conf="default, compile, runtime, default(compile), master" position="48">
				<license name="Apache 2.0" url="http://www.apache.org/licenses/LICENSE-2.0"/>
				<metadata-artifact status="no" details="" size="3513" time="0" location="/home/knoldus/.ivy2/cache/org.testng/testng/ivy-6.11.xml" searched="false" origin-is-local="false" origin-location="https://repo1.maven.org/maven2/org/testng/testng/6.11/testng-6.11.pom"/>
				<caller organisation="test-automation-with-selenium" name="test-automation-with-selenium_2.12" conf="compile" rev="6.11" rev-constraint-default="6.11" rev-constraint-dynamic="6.11" callerrev="1.0"/>
				<artifacts>
					<artifact name="testng" type="jar" ext="jar" status="no" details="" size="763024" time="0" location="/home/knoldus/.ivy2/cache/org.testng/testng/jars/testng-6.11.jar">
						<origin-location is-local="false" location="https://repo1.maven.org/maven2/org/testng/testng/6.11/testng-6.11.jar"/>
					</artifact>
				</artifacts>
			</revision>
		</module>
		<module organisation="org.yaml" name="snakeyaml">
			<revision name="1.17" status="release" pubdate="20160219131344" resolver="sbt-chain" artresolver="sbt-chain" homepage="http://www.snakeyaml.org" downloaded="false" searched="false" default="false" conf="compile, runtime(*), master(compile), runtime, compile(*), master" position="50">
				<license name="Apache License, Version 2.0" url="http://www.apache.org/licenses/LICENSE-2.0.txt"/>
				<metadata-artifact status="no" details="" size="3956" time="0" location="/home/knoldus/.ivy2/cache/org.yaml/snakeyaml/ivy-1.17.xml" searched="false" origin-is-local="false" origin-location="https://repo1.maven.org/maven2/org/yaml/snakeyaml/1.17/snakeyaml-1.17.pom"/>
				<caller organisation="org.seleniumhq.selenium" name="selenium-server" conf="default, compile, runtime, master" rev="1.15" rev-constraint-default="1.15" rev-constraint-dynamic="1.15" callerrev="3.4.0"/>
				<caller organisation="org.testng" name="testng" conf="default, compile, runtime, master" rev="1.17" rev-constraint-default="1.17" rev-constraint-dynamic="1.17" callerrev="6.11"/>
				<artifacts>
					<artifact name="snakeyaml" type="bundle" ext="jar" status="no" details="" size="273599" time="0" location="/home/knoldus/.ivy2/cache/org.yaml/snakeyaml/bundles/snakeyaml-1.17.jar">
						<origin-location is-local="false" location="https://repo1.maven.org/maven2/org/yaml/snakeyaml/1.17/snakeyaml-1.17.jar"/>
					</artifact>
				</artifacts>
			</revision>
			<revision name="1.15" status="release" pubdate="20150219132710" resolver="sbt-chain" artresolver="sbt-chain" evicted="latest-revision" evicted-reason="" homepage="http://www.snakeyaml.org" downloaded="false" searched="false" default="false" conf="compile, runtime(*), master(compile), runtime, compile(*), master" position="-1">
				<license name="Apache License Version 2.0" url="LICENSE.txt"/>
				<metadata-artifact status="no" details="" size="3591" time="0" location="/home/knoldus/.ivy2/cache/org.yaml/snakeyaml/ivy-1.15.xml" searched="false" origin-is-local="false" origin-location="https://repo1.maven.org/maven2/org/yaml/snakeyaml/1.15/snakeyaml-1.15.pom"/>
				<evicted-by rev="1.17"/>
				<caller organisation="org.seleniumhq.selenium" name="selenium-server" conf="default, compile, runtime, master" rev="1.15" rev-constraint-default="1.15" rev-constraint-dynamic="1.15" callerrev="3.4.0"/>
				<artifacts>
				</artifacts>
			</revision>
		</module>
		<module organisation="com.beust" name="jcommander">
			<revision name="1.64" status="release" pubdate="20170304050014" resolver="sbt-chain" artresolver="sbt-chain" homepage="http://jcommander.org" downloaded="false" searched="false" default="false" conf="compile, runtime(*), master(compile), runtime, compile(*), master" position="49">
				<license name="Apache 2.0" url="http://www.apache.org/licenses/LICENSE-2.0"/>
				<metadata-artifact status="no" details="" size="2599" time="0" location="/home/knoldus/.ivy2/cache/com.beust/jcommander/ivy-1.64.xml" searched="false" origin-is-local="false" origin-location="https://repo1.maven.org/maven2/com/beust/jcommander/1.64/jcommander-1.64.pom"/>
				<caller organisation="org.seleniumhq.selenium" name="selenium-server" conf="default, compile, runtime, master" rev="1.48" rev-constraint-default="1.48" rev-constraint-dynamic="1.48" callerrev="3.4.0"/>
				<caller organisation="org.testng" name="testng" conf="default, compile, runtime, master" rev="1.64" rev-constraint-default="1.64" rev-constraint-dynamic="1.64" callerrev="6.11"/>
				<artifacts>
					<artifact name="jcommander" type="jar" ext="jar" status="no" details="" size="65585" time="0" location="/home/knoldus/.ivy2/cache/com.beust/jcommander/jars/jcommander-1.64.jar">
						<origin-location is-local="false" location="https://repo1.maven.org/maven2/com/beust/jcommander/1.64/jcommander-1.64.jar"/>
					</artifact>
				</artifacts>
			</revision>
			<revision name="1.48" status="release" pubdate="20150411081656" resolver="sbt-chain" artresolver="sbt-chain" evicted="latest-revision" evicted-reason="" homepage="http://beust.com/jcommander" downloaded="false" searched="false" default="false" conf="compile, runtime(*), master(compile), runtime, compile(*), master" position="-1">
				<license name="The Apache Software License, Version 2.0" url="http://www.apache.org/licenses/LICENSE-2.0.txt"/>
				<metadata-artifact status="no" details="" size="3298" time="0" location="/home/knoldus/.ivy2/cache/com.beust/jcommander/ivy-1.48.xml" searched="false" origin-is-local="false" origin-location="https://repo1.maven.org/maven2/com/beust/jcommander/1.48/jcommander-1.48.pom"/>
				<evicted-by rev="1.64"/>
				<caller organisation="org.seleniumhq.selenium" name="selenium-server" conf="default, compile, runtime, master" rev="1.48" rev-constraint-default="1.48" rev-constraint-dynamic="1.48" callerrev="3.4.0"/>
				<artifacts>
				</artifacts>
			</revision>
		</module>
		<module organisation="org.seleniumhq.selenium" name="selenium-server">
			<revision name="3.4.0" status="release" pubdate="20170421171340" resolver="sbt-chain" artresolver="sbt-chain" homepage="http://www.seleniumhq.org/" downloaded="false" searched="false" default="false" conf="default, compile, runtime, default(compile), master" position="45">
				<license name="The Apache Software License, Version 2.0" url="http://www.apache.org/licenses/LICENSE-2.0.txt"/>
				<metadata-artifact status="no" details="" size="13916" time="0" location="/home/knoldus/.ivy2/cache/org.seleniumhq.selenium/selenium-server/ivy-3.4.0.xml" searched="false" origin-is-local="false" origin-location="https://repo1.maven.org/maven2/org/seleniumhq/selenium/selenium-server/3.4.0/selenium-server-3.4.0.pom"/>
				<caller organisation="test-automation-with-selenium" name="test-automation-with-selenium_2.12" conf="compile" rev="3.4.0" rev-constraint-default="3.4.0" rev-constraint-dynamic="3.4.0" callerrev="1.0"/>
				<artifacts>
					<artifact name="selenium-server" type="jar" ext="jar" status="no" details="" size="491284" time="0" location="/home/knoldus/.ivy2/cache/org.seleniumhq.selenium/selenium-server/jars/selenium-server-3.4.0.jar">
						<origin-location is-local="false" location="https://repo1.maven.org/maven2/org/seleniumhq/selenium/selenium-server/3.4.0/selenium-server-3.4.0.jar"/>
					</artifact>
				</artifacts>
			</revision>
		</module>
		<module organisation="org.seleniumhq.selenium" name="jetty-repacked">
			<revision name="9.4.1.v20170120" status="release" pubdate="20170421171439" resolver="sbt-chain" artresolver="sbt-chain" homepage="http://selenium.googlecode.com/" downloaded="false" searched="false" default="false" conf="compile, runtime(*), master(compile), runtime, compile(*), master" position="47">
				<license name="The Apache Software License, Version 2.0" url="http://www.apache.org/licenses/LICENSE-2.0.txt"/>
				<metadata-artifact status="no" details="" size="2842" time="0" location="/home/knoldus/.ivy2/cache/org.seleniumhq.selenium/jetty-repacked/ivy-9.4.1.v20170120.xml" searched="false" origin-is-local="false" origin-location="https://repo1.maven.org/maven2/org/seleniumhq/selenium/jetty-repacked/9.4.1.v20170120/jetty-repacked-9.4.1.v20170120.pom"/>
				<caller organisation="org.seleniumhq.selenium" name="selenium-server" conf="default, compile, runtime, master" rev="9.4.1.v20170120" rev-constraint-default="9.4.1.v20170120" rev-constraint-dynamic="9.4.1.v20170120" callerrev="3.4.0"/>
				<artifacts>
					<artifact name="jetty-repacked" type="jar" ext="jar" extra-classifier="" status="no" details="" size="1734866" time="0" location="/home/knoldus/.ivy2/cache/org.seleniumhq.selenium/jetty-repacked/jars/jetty-repacked-9.4.1.v20170120.jar">
						<origin-location is-local="false" location="https://repo1.maven.org/maven2/org/seleniumhq/selenium/jetty-repacked/9.4.1.v20170120/jetty-repacked-9.4.1.v20170120.jar"/>
					</artifact>
				</artifacts>
			</revision>
		</module>
		<module organisation="net.jcip" name="jcip-annotations">
			<revision name="1.0" status="release" pubdate="20080814121805" resolver="sbt-chain" artresolver="sbt-chain" homepage="http://jcip.net/" downloaded="false" searched="false" default="false" conf="compile, runtime(*), master(compile), runtime, compile(*), master" position="46">
				<metadata-artifact status="no" details="" size="2341" time="0" location="/home/knoldus/.ivy2/cache/net.jcip/jcip-annotations/ivy-1.0.xml" searched="false" origin-is-local="false" origin-location="https://repo1.maven.org/maven2/net/jcip/jcip-annotations/1.0/jcip-annotations-1.0.pom"/>
				<caller organisation="org.seleniumhq.selenium" name="selenium-server" conf="default, compile, runtime, master" rev="1.0" rev-constraint-default="1.0" rev-constraint-dynamic="1.0" callerrev="3.4.0"/>
				<artifacts>
					<artifact name="jcip-annotations" type="jar" ext="jar" extra-classifier="" status="no" details="" size="2254" time="0" location="/home/knoldus/.ivy2/cache/net.jcip/jcip-annotations/jars/jcip-annotations-1.0.jar">
						<origin-location is-local="false" location="https://repo1.maven.org/maven2/net/jcip/jcip-annotations/1.0/jcip-annotations-1.0.jar"/>
					</artifact>
				</artifacts>
			</revision>
		</module>
		<module organisation="org.seleniumhq.selenium" name="selenium-java">
			<revision name="3.4.0" status="release" pubdate="20170421170915" resolver="sbt-chain" artresolver="sbt-chain" homepage="http://www.seleniumhq.org/" downloaded="false" searched="false" default="false" conf="default, compile, runtime(*), master(compile), runtime, default(compile), compile(*), master" position="1">
				<license name="The Apache Software License, Version 2.0" url="http://www.apache.org/licenses/LICENSE-2.0.txt"/>
				<metadata-artifact status="no" details="" size="12701" time="0" location="/home/knoldus/.ivy2/cache/org.seleniumhq.selenium/selenium-java/ivy-3.4.0.xml" searched="false" origin-is-local="false" origin-location="https://repo1.maven.org/maven2/org/seleniumhq/selenium/selenium-java/3.4.0/selenium-java-3.4.0.pom"/>
				<caller organisation="test-automation-with-selenium" name="test-automation-with-selenium_2.12" conf="compile" rev="3.4.0" rev-constraint-default="3.4.0" rev-constraint-dynamic="3.4.0" callerrev="1.0"/>
				<caller organisation="org.seleniumhq.selenium" name="selenium-server" conf="default, compile, runtime, master" rev="3.4.0" rev-constraint-default="3.4.0" rev-constraint-dynamic="3.4.0" callerrev="3.4.0"/>
				<caller organisation="com.codeborne" name="phantomjsdriver" conf="compile, runtime" rev="3.1.0" rev-constraint-default="3.1.0" rev-constraint-dynamic="3.1.0" callerrev="1.4.0"/>
				<artifacts>
					<artifact name="selenium-java" type="jar" ext="jar" extra-classifier="" status="no" details="" size="181" time="0" location="/home/knoldus/.ivy2/cache/org.seleniumhq.selenium/selenium-java/jars/selenium-java-3.4.0.jar">
						<origin-location is-local="false" location="UNKNOWN"/>
					</artifact>
				</artifacts>
			</revision>
			<revision name="3.1.0" evicted="latest-revision" evicted-reason="" downloaded="false" searched="false" conf="compile, runtime(*), master(compile), runtime, compile(*), master, default, default(compile)" position="-1">
				<evicted-by rev="3.4.0"/>
				<caller organisation="test-automation-with-selenium" name="test-automation-with-selenium_2.12" conf="compile" rev="3.4.0" rev-constraint-default="3.4.0" rev-constraint-dynamic="3.4.0" callerrev="1.0"/>
				<caller organisation="com.codeborne" name="phantomjsdriver" conf="compile, runtime" rev="3.1.0" rev-constraint-default="3.1.0" rev-constraint-dynamic="3.1.0" callerrev="1.4.0"/>
				<artifacts>
				</artifacts>
			</revision>
		</module>
		<module organisation="com.codeborne" name="phantomjsdriver">
			<revision name="1.4.0" status="release" pubdate="20170222032528" resolver="sbt-chain" artresolver="sbt-chain" homepage="https://github.com/codeborne/ghostdriver" downloaded="false" searched="false" default="false" conf="compile, runtime(*), master(compile), runtime, compile(*), master" position="42">
				<license name="The BSD 2-Clause License" url="http://opensource.org/licenses/BSD-2-Clause"/>
				<metadata-artifact status="no" details="" size="3116" time="0" location="/home/knoldus/.ivy2/cache/com.codeborne/phantomjsdriver/ivy-1.4.0.xml" searched="false" origin-is-local="false" origin-location="https://repo1.maven.org/maven2/com/codeborne/phantomjsdriver/1.4.0/phantomjsdriver-1.4.0.pom"/>
				<caller organisation="org.seleniumhq.selenium" name="selenium-java" conf="default, compile, runtime, master" rev="1.4.0" rev-constraint-default="1.4.0" rev-constraint-dynamic="1.4.0" callerrev="3.4.0"/>
				<caller organisation="org.seleniumhq.selenium" name="selenium-server" conf="default, compile, runtime, master" rev="1.4.0" rev-constraint-default="1.4.0" rev-constraint-dynamic="1.4.0" callerrev="3.4.0"/>
				<artifacts>
					<artifact name="phantomjsdriver" type="jar" ext="jar" extra-classifier="" status="no" details="" size="11596" time="0" location="/home/knoldus/.ivy2/cache/com.codeborne/phantomjsdriver/jars/phantomjsdriver-1.4.0.jar">
						<origin-location is-local="false" location="https://repo1.maven.org/maven2/com/codeborne/phantomjsdriver/1.4.0/phantomjsdriver-1.4.0.jar"/>
					</artifact>
				</artifacts>
			</revision>
		</module>
		<module organisation="org.eclipse.jetty" name="jetty-io">
			<revision name="9.4.1.v20170120" status="release" pubdate="20170120211917" resolver="sbt-chain" artresolver="sbt-chain" homepage="http://www.eclipse.org/jetty" downloaded="false" searched="false" default="false" conf="compile, runtime(*), master(compile), runtime, compile(*), master" position="40">
				<license name="Apache Software License - Version 2.0" url="http://www.apache.org/licenses/LICENSE-2.0"/>
				<license name="Eclipse Public License - Version 1.0" url="http://www.eclipse.org/org/documents/epl-v10.php"/>
				<metadata-artifact status="no" details="" size="8352" time="0" location="/home/knoldus/.ivy2/cache/org.eclipse.jetty/jetty-io/ivy-9.4.1.v20170120.xml" searched="false" origin-is-local="false" origin-location="https://repo1.maven.org/maven2/org/eclipse/jetty/jetty-io/9.4.1.v20170120/jetty-io-9.4.1.v20170120.pom"/>
				<caller organisation="org.seleniumhq.selenium" name="selenium-java" conf="default, compile, runtime, master" rev="9.4.1.v20170120" rev-constraint-default="9.4.1.v20170120" rev-constraint-dynamic="9.4.1.v20170120" callerrev="3.4.0"/>
				<caller organisation="org.eclipse.jetty" name="jetty-http" conf="compile, runtime" rev="9.4.3.v20170317" rev-constraint-default="9.4.3.v20170317" rev-constraint-dynamic="9.4.3.v20170317" callerrev="9.4.3.v20170317"/>
				<caller organisation="org.seleniumhq.selenium" name="selenium-server" conf="default, compile, runtime, master" rev="9.4.1.v20170120" rev-constraint-default="9.4.1.v20170120" rev-constraint-dynamic="9.4.1.v20170120" callerrev="3.4.0"/>
				<caller organisation="org.eclipse.jetty.websocket" name="websocket-client" conf="compile, runtime" rev="9.4.3.v20170317" rev-constraint-default="9.4.3.v20170317" rev-constraint-dynamic="9.4.3.v20170317" callerrev="9.4.3.v20170317"/>
				<caller organisation="org.eclipse.jetty.websocket" name="websocket-common" conf="compile, runtime" rev="9.4.3.v20170317" rev-constraint-default="9.4.3.v20170317" rev-constraint-dynamic="9.4.3.v20170317" callerrev="9.4.3.v20170317"/>
				<caller organisation="org.eclipse.jetty" name="jetty-client" conf="compile, runtime" rev="9.4.3.v20170317" rev-constraint-default="9.4.3.v20170317" rev-constraint-dynamic="9.4.3.v20170317" callerrev="9.4.3.v20170317"/>
				<artifacts>
					<artifact name="jetty-io" type="jar" ext="jar" extra-classifier="" status="no" details="" size="130954" time="0" location="/home/knoldus/.ivy2/cache/org.eclipse.jetty/jetty-io/jars/jetty-io-9.4.1.v20170120.jar">
						<origin-location is-local="false" location="https://repo1.maven.org/maven2/org/eclipse/jetty/jetty-io/9.4.1.v20170120/jetty-io-9.4.1.v20170120.jar"/>
					</artifact>
				</artifacts>
			</revision>
			<revision name="9.4.3.v20170317" evicted="latest-revision" evicted-reason="" downloaded="false" searched="false" conf="runtime(*), master(compile), compile(*)" position="-1">
				<evicted-by rev="9.4.1.v20170120"/>
				<caller organisation="org.eclipse.jetty" name="jetty-http" conf="compile, runtime" rev="9.4.3.v20170317" rev-constraint-default="9.4.3.v20170317" rev-constraint-dynamic="9.4.3.v20170317" callerrev="9.4.3.v20170317"/>
				<caller organisation="org.eclipse.jetty.websocket" name="websocket-client" conf="compile, runtime" rev="9.4.3.v20170317" rev-constraint-default="9.4.3.v20170317" rev-constraint-dynamic="9.4.3.v20170317" callerrev="9.4.3.v20170317"/>
				<caller organisation="org.eclipse.jetty.websocket" name="websocket-common" conf="compile, runtime" rev="9.4.3.v20170317" rev-constraint-default="9.4.3.v20170317" rev-constraint-dynamic="9.4.3.v20170317" callerrev="9.4.3.v20170317"/>
				<caller organisation="org.eclipse.jetty" name="jetty-client" conf="compile, runtime" rev="9.4.3.v20170317" rev-constraint-default="9.4.3.v20170317" rev-constraint-dynamic="9.4.3.v20170317" callerrev="9.4.3.v20170317"/>
				<artifacts>
				</artifacts>
			</revision>
		</module>
		<module organisation="org.eclipse.jetty" name="jetty-util">
			<revision name="9.4.1.v20170120" status="release" pubdate="20170120211852" resolver="sbt-chain" artresolver="sbt-chain" homepage="http://www.eclipse.org/jetty" downloaded="false" searched="false" default="false" conf="compile, runtime(*), master(compile), runtime, compile(*), master" position="41">
				<license name="Apache Software License - Version 2.0" url="http://www.apache.org/licenses/LICENSE-2.0"/>
				<license name="Eclipse Public License - Version 1.0" url="http://www.eclipse.org/org/documents/epl-v10.php"/>
				<metadata-artifact status="no" details="" size="8795" time="0" location="/home/knoldus/.ivy2/cache/org.eclipse.jetty/jetty-util/ivy-9.4.1.v20170120.xml" searched="false" origin-is-local="false" origin-location="https://repo1.maven.org/maven2/org/eclipse/jetty/jetty-util/9.4.1.v20170120/jetty-util-9.4.1.v20170120.pom"/>
				<caller organisation="org.seleniumhq.selenium" name="selenium-java" conf="default, compile, runtime, master" rev="9.4.1.v20170120" rev-constraint-default="9.4.1.v20170120" rev-constraint-dynamic="9.4.1.v20170120" callerrev="3.4.0"/>
				<caller organisation="org.eclipse.jetty" name="jetty-http" conf="compile, runtime" rev="9.4.3.v20170317" rev-constraint-default="9.4.3.v20170317" rev-constraint-dynamic="9.4.3.v20170317" callerrev="9.4.3.v20170317"/>
				<caller organisation="org.seleniumhq.selenium" name="selenium-server" conf="default, compile, runtime, master" rev="9.4.1.v20170120" rev-constraint-default="9.4.1.v20170120" rev-constraint-dynamic="9.4.1.v20170120" callerrev="3.4.0"/>
				<caller organisation="org.eclipse.jetty.websocket" name="websocket-client" conf="compile, runtime" rev="9.4.3.v20170317" rev-constraint-default="9.4.3.v20170317" rev-constraint-dynamic="9.4.3.v20170317" callerrev="9.4.3.v20170317"/>
				<caller organisation="org.eclipse.jetty.websocket" name="websocket-common" conf="compile, runtime" rev="9.4.3.v20170317" rev-constraint-default="9.4.3.v20170317" rev-constraint-dynamic="9.4.3.v20170317" callerrev="9.4.3.v20170317"/>
				<caller organisation="org.eclipse.jetty" name="jetty-io" conf="compile, runtime" rev="9.4.1.v20170120" rev-constraint-default="9.4.1.v20170120" rev-constraint-dynamic="9.4.1.v20170120" callerrev="9.4.1.v20170120"/>
				<artifacts>
					<artifact name="jetty-util" type="jar" ext="jar" extra-classifier="" status="no" details="" size="452498" time="0" location="/home/knoldus/.ivy2/cache/org.eclipse.jetty/jetty-util/jars/jetty-util-9.4.1.v20170120.jar">
						<origin-location is-local="false" location="https://repo1.maven.org/maven2/org/eclipse/jetty/jetty-util/9.4.1.v20170120/jetty-util-9.4.1.v20170120.jar"/>
					</artifact>
				</artifacts>
			</revision>
			<revision name="9.4.3.v20170317" evicted="latest-revision" evicted-reason="" downloaded="false" searched="false" conf="runtime(*), master(compile), compile(*)" position="-1">
				<evicted-by rev="9.4.1.v20170120"/>
				<caller organisation="org.eclipse.jetty" name="jetty-http" conf="compile, runtime" rev="9.4.3.v20170317" rev-constraint-default="9.4.3.v20170317" rev-constraint-dynamic="9.4.3.v20170317" callerrev="9.4.3.v20170317"/>
				<caller organisation="org.eclipse.jetty.websocket" name="websocket-client" conf="compile, runtime" rev="9.4.3.v20170317" rev-constraint-default="9.4.3.v20170317" rev-constraint-dynamic="9.4.3.v20170317" callerrev="9.4.3.v20170317"/>
				<caller organisation="org.eclipse.jetty.websocket" name="websocket-common" conf="compile, runtime" rev="9.4.3.v20170317" rev-constraint-default="9.4.3.v20170317" rev-constraint-dynamic="9.4.3.v20170317" callerrev="9.4.3.v20170317"/>
				<artifacts>
				</artifacts>
			</revision>
		</module>
		<module organisation="javax.servlet" name="javax.servlet-api">
			<revision name="3.1.0" status="release" pubdate="20130426052239" resolver="sbt-chain" artresolver="sbt-chain" homepage="http://servlet-spec.java.net" downloaded="false" searched="false" default="false" conf="compile, runtime(*), master(compile), runtime, compile(*), master" position="44">
				<license name="CDDL + GPLv2 with classpath exception" url="https://glassfish.dev.java.net/nonav/public/CDDL+GPL.html"/>
				<metadata-artifact status="no" details="" size="4276" time="0" location="/home/knoldus/.ivy2/cache/javax.servlet/javax.servlet-api/ivy-3.1.0.xml" searched="false" origin-is-local="false" origin-location="https://repo1.maven.org/maven2/javax/servlet/javax.servlet-api/3.1.0/javax.servlet-api-3.1.0.pom"/>
				<caller organisation="org.seleniumhq.selenium" name="selenium-java" conf="default, compile, runtime, master" rev="3.1.0" rev-constraint-default="3.1.0" rev-constraint-dynamic="3.1.0" callerrev="3.4.0"/>
				<caller organisation="org.seleniumhq.selenium" name="selenium-server" conf="default, compile, runtime, master" rev="3.1.0" rev-constraint-default="3.1.0" rev-constraint-dynamic="3.1.0" callerrev="3.4.0"/>
				<caller organisation="org.seleniumhq.selenium" name="jetty-repacked" conf="compile, runtime" rev="3.1.0" rev-constraint-default="3.1.0" rev-constraint-dynamic="3.1.0" callerrev="9.4.1.v20170120"/>
				<artifacts>
					<artifact name="javax.servlet-api" type="jar" ext="jar" extra-classifier="" status="no" details="" size="95806" time="0" location="/home/knoldus/.ivy2/cache/javax.servlet/javax.servlet-api/jars/javax.servlet-api-3.1.0.jar">
						<origin-location is-local="false" location="https://repo1.maven.org/maven2/javax/servlet/javax.servlet-api/3.1.0/javax.servlet-api-3.1.0.jar"/>
					</artifact>
				</artifacts>
			</revision>
		</module>
		<module organisation="net.sourceforge.htmlunit" name="htmlunit">
			<revision name="2.26" status="release" pubdate="20170404132311" resolver="sbt-chain" artresolver="sbt-chain" homepage="http://htmlunit.sourceforge.net" downloaded="false" searched="false" default="false" conf="compile, runtime(*), master(compile), runtime, compile(*), master" position="27">
				<license name="Apache License, Version 2.0" url="http://www.apache.org/licenses/LICENSE-2.0.txt"/>
				<metadata-artifact status="no" details="" size="8340" time="0" location="/home/knoldus/.ivy2/cache/net.sourceforge.htmlunit/htmlunit/ivy-2.26.xml" searched="false" origin-is-local="false" origin-location="https://repo1.maven.org/maven2/net/sourceforge/htmlunit/htmlunit/2.26/htmlunit-2.26.pom"/>
				<caller organisation="org.seleniumhq.selenium" name="htmlunit-driver" conf="compile, runtime" rev="2.26" rev-constraint-default="2.26" rev-constraint-dynamic="2.26" callerrev="2.26"/>
				<caller organisation="org.seleniumhq.selenium" name="selenium-java" conf="default, compile, runtime, master" rev="2.26" rev-constraint-default="2.26" rev-constraint-dynamic="2.26" callerrev="3.4.0"/>
				<caller organisation="org.seleniumhq.selenium" name="selenium-server" conf="default, compile, runtime, master" rev="2.26" rev-constraint-default="2.26" rev-constraint-dynamic="2.26" callerrev="3.4.0"/>
				<artifacts>
					<artifact name="htmlunit" type="jar" ext="jar" extra-classifier="" status="no" details="" size="1978644" time="0" location="/home/knoldus/.ivy2/cache/net.sourceforge.htmlunit/htmlunit/jars/htmlunit-2.26.jar">
						<origin-location is-local="false" location="https://repo1.maven.org/maven2/net/sourceforge/htmlunit/htmlunit/2.26/htmlunit-2.26.jar"/>
					</artifact>
				</artifacts>
			</revision>
		</module>
		<module organisation="org.seleniumhq.selenium" name="htmlunit-driver">
			<revision name="2.26" status="release" pubdate="20170404114343" resolver="sbt-chain" artresolver="sbt-chain" homepage="https://github.com/SeleniumHQ/htmlunit-driver" downloaded="false" searched="false" default="false" conf="compile, runtime(*), master(compile), runtime, compile(*), master" position="43">
				<license name="The Apache Software License, Version 2.0" url="http://www.apache.org/licenses/LICENSE-2.0.txt"/>
				<metadata-artifact status="no" details="" size="4844" time="0" location="/home/knoldus/.ivy2/cache/org.seleniumhq.selenium/htmlunit-driver/ivy-2.26.xml" searched="false" origin-is-local="false" origin-location="https://repo1.maven.org/maven2/org/seleniumhq/selenium/htmlunit-driver/2.26/htmlunit-driver-2.26.pom"/>
				<caller organisation="org.seleniumhq.selenium" name="selenium-java" conf="default, compile, runtime, master" rev="2.26" rev-constraint-default="2.26" rev-constraint-dynamic="2.26" callerrev="3.4.0"/>
				<caller organisation="org.seleniumhq.selenium" name="selenium-server" conf="default, compile, runtime, master" rev="2.26" rev-constraint-default="2.26" rev-constraint-dynamic="2.26" callerrev="3.4.0"/>
				<artifacts>
					<artifact name="htmlunit-driver" type="jar" ext="jar" extra-classifier="" status="no" details="" size="74303" time="0" location="/home/knoldus/.ivy2/cache/org.seleniumhq.selenium/htmlunit-driver/jars/htmlunit-driver-2.26.jar">
						<origin-location is-local="false" location="https://repo1.maven.org/maven2/org/seleniumhq/selenium/htmlunit-driver/2.26/htmlunit-driver-2.26.jar"/>
					</artifact>
				</artifacts>
			</revision>
		</module>
		<module organisation="org.eclipse.jetty.websocket" name="websocket-client">
			<revision name="9.4.3.v20170317" status="release" pubdate="20170317224813" resolver="sbt-chain" artresolver="sbt-chain" homepage="" downloaded="false" searched="false" default="false" conf="compile, runtime(*), master(compile), runtime, compile(*), master" position="35">
				<license name="Apache Software License - Version 2.0" url="http://www.apache.org/licenses/LICENSE-2.0"/>
				<license name="Eclipse Public License - Version 1.0" url="http://www.eclipse.org/org/documents/epl-v10.php"/>
				<metadata-artifact status="no" details="" size="10017" time="0" location="/home/knoldus/.ivy2/cache/org.eclipse.jetty.websocket/websocket-client/ivy-9.4.3.v20170317.xml" searched="false" origin-is-local="false" origin-location="https://repo1.maven.org/maven2/org/eclipse/jetty/websocket/websocket-client/9.4.3.v20170317/websocket-client-9.4.3.v20170317.pom"/>
				<caller organisation="org.seleniumhq.selenium" name="selenium-java" conf="default, compile, runtime, master" rev="9.4.3.v20170317" rev-constraint-default="9.4.3.v20170317" rev-constraint-dynamic="9.4.3.v20170317" callerrev="3.4.0"/>
				<caller organisation="net.sourceforge.htmlunit" name="htmlunit" conf="compile, runtime" rev="9.4.3.v20170317" rev-constraint-default="9.4.3.v20170317" rev-constraint-dynamic="9.4.3.v20170317" callerrev="2.26"/>
				<caller organisation="org.seleniumhq.selenium" name="selenium-server" conf="default, compile, runtime, master" rev="9.4.3.v20170317" rev-constraint-default="9.4.3.v20170317" rev-constraint-dynamic="9.4.3.v20170317" callerrev="3.4.0"/>
				<artifacts>
					<artifact name="websocket-client" type="jar" ext="jar" extra-classifier="" status="no" details="" size="31720" time="0" location="/home/knoldus/.ivy2/cache/org.eclipse.jetty.websocket/websocket-client/jars/websocket-client-9.4.3.v20170317.jar">
						<origin-location is-local="false" location="https://repo1.maven.org/maven2/org/eclipse/jetty/websocket/websocket-client/9.4.3.v20170317/websocket-client-9.4.3.v20170317.jar"/>
					</artifact>
				</artifacts>
			</revision>
		</module>
		<module organisation="org.eclipse.jetty.websocket" name="websocket-common">
			<revision name="9.4.3.v20170317" status="release" pubdate="20170317224737" resolver="sbt-chain" artresolver="sbt-chain" homepage="" downloaded="false" searched="false" default="false" conf="compile, runtime(*), master(compile), runtime, compile(*), master" position="38">
				<license name="Apache Software License - Version 2.0" url="http://www.apache.org/licenses/LICENSE-2.0"/>
				<license name="Eclipse Public License - Version 1.0" url="http://www.eclipse.org/org/documents/epl-v10.php"/>
				<metadata-artifact status="no" details="" size="9581" time="0" location="/home/knoldus/.ivy2/cache/org.eclipse.jetty.websocket/websocket-common/ivy-9.4.3.v20170317.xml" searched="false" origin-is-local="false" origin-location="https://repo1.maven.org/maven2/org/eclipse/jetty/websocket/websocket-common/9.4.3.v20170317/websocket-common-9.4.3.v20170317.pom"/>
				<caller organisation="org.seleniumhq.selenium" name="selenium-java" conf="default, compile, runtime, master" rev="9.4.3.v20170317" rev-constraint-default="9.4.3.v20170317" rev-constraint-dynamic="9.4.3.v20170317" callerrev="3.4.0"/>
				<caller organisation="org.seleniumhq.selenium" name="selenium-server" conf="default, compile, runtime, master" rev="9.4.3.v20170317" rev-constraint-default="9.4.3.v20170317" rev-constraint-dynamic="9.4.3.v20170317" callerrev="3.4.0"/>
				<caller organisation="org.eclipse.jetty.websocket" name="websocket-client" conf="compile, runtime" rev="9.4.3.v20170317" rev-constraint-default="9.4.3.v20170317" rev-constraint-dynamic="9.4.3.v20170317" callerrev="9.4.3.v20170317"/>
				<artifacts>
					<artifact name="websocket-common" type="jar" ext="jar" extra-classifier="" status="no" details="" size="198728" time="0" location="/home/knoldus/.ivy2/cache/org.eclipse.jetty.websocket/websocket-common/jars/websocket-common-9.4.3.v20170317.jar">
						<origin-location is-local="false" location="https://repo1.maven.org/maven2/org/eclipse/jetty/websocket/websocket-common/9.4.3.v20170317/websocket-common-9.4.3.v20170317.jar"/>
					</artifact>
					<artifact name="websocket-common" type="jar" ext="jar" status="no" details="" size="198728" time="0" location="/home/knoldus/.ivy2/cache/org.eclipse.jetty.websocket/websocket-common/jars/websocket-common-9.4.3.v20170317.jar">
						<origin-location is-local="false" location="UNKNOWN"/>
					</artifact>
				</artifacts>
			</revision>
		</module>
		<module organisation="org.eclipse.jetty.websocket" name="websocket-api">
			<revision name="9.4.3.v20170317" status="release" pubdate="20170317224702" resolver="sbt-chain" artresolver="sbt-chain" homepage="" downloaded="false" searched="false" default="false" conf="compile, runtime(*), master(compile), runtime, compile(*), master" position="39">
				<license name="Apache Software License - Version 2.0" url="http://www.apache.org/licenses/LICENSE-2.0"/>
				<license name="Eclipse Public License - Version 1.0" url="http://www.eclipse.org/org/documents/epl-v10.php"/>
				<metadata-artifact status="no" details="" size="9044" time="0" location="/home/knoldus/.ivy2/cache/org.eclipse.jetty.websocket/websocket-api/ivy-9.4.3.v20170317.xml" searched="false" origin-is-local="false" origin-location="https://repo1.maven.org/maven2/org/eclipse/jetty/websocket/websocket-api/9.4.3.v20170317/websocket-api-9.4.3.v20170317.pom"/>
				<caller organisation="org.seleniumhq.selenium" name="selenium-java" conf="default, compile, runtime, master" rev="9.4.3.v20170317" rev-constraint-default="9.4.3.v20170317" rev-constraint-dynamic="9.4.3.v20170317" callerrev="3.4.0"/>
				<caller organisation="org.seleniumhq.selenium" name="selenium-server" conf="default, compile, runtime, master" rev="9.4.3.v20170317" rev-constraint-default="9.4.3.v20170317" rev-constraint-dynamic="9.4.3.v20170317" callerrev="3.4.0"/>
				<caller organisation="org.eclipse.jetty.websocket" name="websocket-common" conf="compile, runtime" rev="9.4.3.v20170317" rev-constraint-default="9.4.3.v20170317" rev-constraint-dynamic="9.4.3.v20170317" callerrev="9.4.3.v20170317"/>
				<artifacts>
					<artifact name="websocket-api" type="jar" ext="jar" extra-classifier="" status="no" details="" size="42130" time="0" location="/home/knoldus/.ivy2/cache/org.eclipse.jetty.websocket/websocket-api/jars/websocket-api-9.4.3.v20170317.jar">
						<origin-location is-local="false" location="https://repo1.maven.org/maven2/org/eclipse/jetty/websocket/websocket-api/9.4.3.v20170317/websocket-api-9.4.3.v20170317.jar"/>
					</artifact>
				</artifacts>
			</revision>
		</module>
		<module organisation="org.eclipse.jetty" name="jetty-client">
			<revision name="9.4.3.v20170317" status="release" pubdate="20170317224136" resolver="sbt-chain" artresolver="sbt-chain" homepage="http://www.eclipse.org/jetty" downloaded="false" searched="false" default="false" conf="compile, runtime(*), master(compile), runtime, compile(*), master" position="36">
				<license name="Apache Software License - Version 2.0" url="http://www.apache.org/licenses/LICENSE-2.0"/>
				<license name="Eclipse Public License - Version 1.0" url="http://www.eclipse.org/org/documents/epl-v10.php"/>
				<metadata-artifact status="no" details="" size="8993" time="0" location="/home/knoldus/.ivy2/cache/org.eclipse.jetty/jetty-client/ivy-9.4.3.v20170317.xml" searched="false" origin-is-local="false" origin-location="https://repo1.maven.org/maven2/org/eclipse/jetty/jetty-client/9.4.3.v20170317/jetty-client-9.4.3.v20170317.pom"/>
				<caller organisation="org.eclipse.jetty.websocket" name="websocket-client" conf="compile, runtime" rev="9.4.3.v20170317" rev-constraint-default="9.4.3.v20170317" rev-constraint-dynamic="9.4.3.v20170317" callerrev="9.4.3.v20170317"/>
				<artifacts>
					<artifact name="jetty-client" type="jar" ext="jar" status="no" details="" size="265187" time="0" location="/home/knoldus/.ivy2/cache/org.eclipse.jetty/jetty-client/jars/jetty-client-9.4.3.v20170317.jar">
						<origin-location is-local="false" location="https://repo1.maven.org/maven2/org/eclipse/jetty/jetty-client/9.4.3.v20170317/jetty-client-9.4.3.v20170317.jar"/>
					</artifact>
				</artifacts>
			</revision>
		</module>
		<module organisation="org.eclipse.jetty" name="jetty-http">
			<revision name="9.4.3.v20170317" status="release" pubdate="20170317222729" resolver="sbt-chain" artresolver="sbt-chain" homepage="http://www.eclipse.org/jetty" downloaded="false" searched="false" default="false" conf="compile, runtime(*), master(compile), runtime, compile(*), master" position="37">
				<license name="Apache Software License - Version 2.0" url="http://www.apache.org/licenses/LICENSE-2.0"/>
				<license name="Eclipse Public License - Version 1.0" url="http://www.eclipse.org/org/documents/epl-v10.php"/>
				<metadata-artifact status="no" details="" size="8605" time="0" location="/home/knoldus/.ivy2/cache/org.eclipse.jetty/jetty-http/ivy-9.4.3.v20170317.xml" searched="false" origin-is-local="false" origin-location="https://repo1.maven.org/maven2/org/eclipse/jetty/jetty-http/9.4.3.v20170317/jetty-http-9.4.3.v20170317.pom"/>
				<caller organisation="org.eclipse.jetty" name="jetty-client" conf="compile, runtime" rev="9.4.3.v20170317" rev-constraint-default="9.4.3.v20170317" rev-constraint-dynamic="9.4.3.v20170317" callerrev="9.4.3.v20170317"/>
				<artifacts>
					<artifact name="jetty-http" type="jar" ext="jar" status="no" details="" size="163535" time="0" location="/home/knoldus/.ivy2/cache/org.eclipse.jetty/jetty-http/jars/jetty-http-9.4.3.v20170317.jar">
						<origin-location is-local="false" location="https://repo1.maven.org/maven2/org/eclipse/jetty/jetty-http/9.4.3.v20170317/jetty-http-9.4.3.v20170317.jar"/>
					</artifact>
				</artifacts>
			</revision>
		</module>
		<module organisation="net.sourceforge.htmlunit" name="neko-htmlunit">
			<revision name="2.25" status="release" pubdate="20170223140504" resolver="sbt-chain" artresolver="sbt-chain" homepage="http://htmlunit.sourceforge.net" downloaded="false" searched="false" default="false" conf="compile, runtime(*), master(compile), runtime, compile(*), master" position="32">
				<license name="Apache License, Version 2.0" url="http://www.apache.org/licenses/LICENSE-2.0.txt"/>
				<metadata-artifact status="no" details="" size="3270" time="0" location="/home/knoldus/.ivy2/cache/net.sourceforge.htmlunit/neko-htmlunit/ivy-2.25.xml" searched="false" origin-is-local="false" origin-location="https://repo1.maven.org/maven2/net/sourceforge/htmlunit/neko-htmlunit/2.25/neko-htmlunit-2.25.pom"/>
				<caller organisation="org.seleniumhq.selenium" name="selenium-java" conf="default, compile, runtime, master" rev="2.25" rev-constraint-default="2.25" rev-constraint-dynamic="2.25" callerrev="3.4.0"/>
				<caller organisation="net.sourceforge.htmlunit" name="htmlunit" conf="compile, runtime" rev="2.25" rev-constraint-default="2.25" rev-constraint-dynamic="2.25" callerrev="2.26"/>
				<caller organisation="org.seleniumhq.selenium" name="selenium-server" conf="default, compile, runtime, master" rev="2.25" rev-constraint-default="2.25" rev-constraint-dynamic="2.25" callerrev="3.4.0"/>
				<artifacts>
					<artifact name="neko-htmlunit" type="jar" ext="jar" extra-classifier="" status="no" details="" size="129715" time="0" location="/home/knoldus/.ivy2/cache/net.sourceforge.htmlunit/neko-htmlunit/jars/neko-htmlunit-2.25.jar">
						<origin-location is-local="false" location="https://repo1.maven.org/maven2/net/sourceforge/htmlunit/neko-htmlunit/2.25/neko-htmlunit-2.25.jar"/>
					</artifact>
				</artifacts>
			</revision>
		</module>
		<module organisation="xerces" name="xercesImpl">
			<revision name="2.11.0" status="release" pubdate="20130221015006" resolver="sbt-chain" artresolver="sbt-chain" homepage="https://xerces.apache.org/xerces2-j/" downloaded="false" searched="false" default="false" conf="compile, runtime(*), master(compile), runtime, compile(*), master" position="33">
				<license name="The Apache Software License, Version 2.0" url="http://www.apache.org/licenses/LICENSE-2.0.txt"/>
				<metadata-artifact status="no" details="" size="4398" time="0" location="/home/knoldus/.ivy2/cache/xerces/xercesImpl/ivy-2.11.0.xml" searched="false" origin-is-local="false" origin-location="https://repo1.maven.org/maven2/xerces/xercesImpl/2.11.0/xercesImpl-2.11.0.pom"/>
				<caller organisation="org.seleniumhq.selenium" name="selenium-java" conf="default, compile, runtime, master" rev="2.11.0" rev-constraint-default="2.11.0" rev-constraint-dynamic="2.11.0" callerrev="3.4.0"/>
				<caller organisation="org.seleniumhq.selenium" name="selenium-server" conf="default, compile, runtime, master" rev="2.11.0" rev-constraint-default="2.11.0" rev-constraint-dynamic="2.11.0" callerrev="3.4.0"/>
				<caller organisation="net.sourceforge.htmlunit" name="neko-htmlunit" conf="compile, runtime" rev="2.11.0" rev-constraint-default="2.11.0" rev-constraint-dynamic="2.11.0" callerrev="2.25"/>
				<artifacts>
					<artifact name="xercesImpl" type="jar" ext="jar" extra-classifier="" status="no" details="" size="1367760" time="0" location="/home/knoldus/.ivy2/cache/xerces/xercesImpl/jars/xercesImpl-2.11.0.jar">
						<origin-location is-local="false" location="UNKNOWN"/>
					</artifact>
				</artifacts>
			</revision>
		</module>
		<module organisation="xml-apis" name="xml-apis">
			<revision name="1.4.01" status="release" pubdate="20110820054111" resolver="sbt-chain" artresolver="sbt-chain" homepage="http://xml.apache.org/commons/components/external/" downloaded="false" searched="false" default="false" conf="compile, runtime(*), master(compile), runtime, compile(*), master" position="34">
				<license name="The Apache Software License, Version 2.0" url="http://www.apache.org/licenses/LICENSE-2.0.txt"/>
				<license name="The SAX License" url="http://www.saxproject.org/copying.html"/>
				<license name="The W3C License" url="http://www.w3.org/TR/2004/REC-DOM-Level-3-Core-20040407/java-binding.zip"/>
				<metadata-artifact status="no" details="" size="3258" time="0" location="/home/knoldus/.ivy2/cache/xml-apis/xml-apis/ivy-1.4.01.xml" searched="false" origin-is-local="false" origin-location="https://repo1.maven.org/maven2/xml-apis/xml-apis/1.4.01/xml-apis-1.4.01.pom"/>
				<caller organisation="org.seleniumhq.selenium" name="selenium-java" conf="default, compile, runtime, master" rev="1.4.01" rev-constraint-default="1.4.01" rev-constraint-dynamic="1.4.01" callerrev="3.4.0"/>
				<caller organisation="org.seleniumhq.selenium" name="selenium-server" conf="default, compile, runtime, master" rev="1.4.01" rev-constraint-default="1.4.01" rev-constraint-dynamic="1.4.01" callerrev="3.4.0"/>
				<caller organisation="xerces" name="xercesImpl" conf="compile, runtime" rev="1.4.01" rev-constraint-default="1.4.01" rev-constraint-dynamic="1.4.01" callerrev="2.11.0"/>
				<caller organisation="xalan" name="serializer" conf="compile, runtime" rev="1.3.04" rev-constraint-default="1.3.04" rev-constraint-dynamic="1.3.04" callerrev="2.7.2"/>
				<artifacts>
					<artifact name="xml-apis" type="jar" ext="jar" extra-classifier="" status="no" details="" size="220536" time="0" location="/home/knoldus/.ivy2/cache/xml-apis/xml-apis/jars/xml-apis-1.4.01.jar">
						<origin-location is-local="false" location="UNKNOWN"/>
					</artifact>
				</artifacts>
			</revision>
			<revision name="1.3.04" evicted="latest-revision" evicted-reason="" downloaded="false" searched="false" conf="runtime(*), master(compile), compile(*)" position="-1">
				<evicted-by rev="1.4.01"/>
				<caller organisation="xalan" name="serializer" conf="compile, runtime" rev="1.3.04" rev-constraint-default="1.3.04" rev-constraint-dynamic="1.3.04" callerrev="2.7.2"/>
				<artifacts>
				</artifacts>
			</revision>
		</module>
		<module organisation="net.sourceforge.htmlunit" name="htmlunit-core-js">
			<revision name="2.26" status="release" pubdate="20170403231831" resolver="sbt-chain" artresolver="sbt-chain" homepage="http://htmlunit.sourceforge.net" downloaded="false" searched="false" default="false" conf="compile, runtime(*), master(compile), runtime, compile(*), master" position="31">
				<license name="Mozilla Public License version 2.0" url="http://www.mozilla.org/MPL/2.0/"/>
				<metadata-artifact status="no" details="" size="2731" time="0" location="/home/knoldus/.ivy2/cache/net.sourceforge.htmlunit/htmlunit-core-js/ivy-2.26.xml" searched="false" origin-is-local="false" origin-location="https://repo1.maven.org/maven2/net/sourceforge/htmlunit/htmlunit-core-js/2.26/htmlunit-core-js-2.26.pom"/>
				<caller organisation="org.seleniumhq.selenium" name="selenium-java" conf="default, compile, runtime, master" rev="2.26" rev-constraint-default="2.26" rev-constraint-dynamic="2.26" callerrev="3.4.0"/>
				<caller organisation="net.sourceforge.htmlunit" name="htmlunit" conf="compile, runtime" rev="2.26" rev-constraint-default="2.26" rev-constraint-dynamic="2.26" callerrev="2.26"/>
				<caller organisation="org.seleniumhq.selenium" name="selenium-server" conf="default, compile, runtime, master" rev="2.26" rev-constraint-default="2.26" rev-constraint-dynamic="2.26" callerrev="3.4.0"/>
				<artifacts>
					<artifact name="htmlunit-core-js" type="jar" ext="jar" extra-classifier="" status="no" details="" size="1215224" time="0" location="/home/knoldus/.ivy2/cache/net.sourceforge.htmlunit/htmlunit-core-js/jars/htmlunit-core-js-2.26.jar">
						<origin-location is-local="false" location="https://repo1.maven.org/maven2/net/sourceforge/htmlunit/htmlunit-core-js/2.26/htmlunit-core-js-2.26.jar"/>
					</artifact>
				</artifacts>
			</revision>
		</module>
		<module organisation="org.apache.httpcomponents" name="httpmime">
			<revision name="4.5.3" status="release" pubdate="20170121213043" resolver="sbt-chain" artresolver="sbt-chain" homepage="http://hc.apache.org/httpcomponents-client" downloaded="false" searched="false" default="false" conf="compile, runtime(*), master(compile), runtime, compile(*), master" position="30">
				<license name="Apache License, Version 2.0" url="http://www.apache.org/licenses/LICENSE-2.0.txt"/>
				<metadata-artifact status="no" details="" size="9321" time="0" location="/home/knoldus/.ivy2/cache/org.apache.httpcomponents/httpmime/ivy-4.5.3.xml" searched="false" origin-is-local="false" origin-location="https://repo1.maven.org/maven2/org/apache/httpcomponents/httpmime/4.5.3/httpmime-4.5.3.pom"/>
				<caller organisation="org.seleniumhq.selenium" name="selenium-java" conf="default, compile, runtime, master" rev="4.5.3" rev-constraint-default="4.5.3" rev-constraint-dynamic="4.5.3" callerrev="3.4.0"/>
				<caller organisation="net.sourceforge.htmlunit" name="htmlunit" conf="compile, runtime" rev="4.5.3" rev-constraint-default="4.5.3" rev-constraint-dynamic="4.5.3" callerrev="2.26"/>
				<caller organisation="org.seleniumhq.selenium" name="selenium-server" conf="default, compile, runtime, master" rev="4.5.3" rev-constraint-default="4.5.3" rev-constraint-dynamic="4.5.3" callerrev="3.4.0"/>
				<artifacts>
					<artifact name="httpmime" type="jar" ext="jar" extra-classifier="" status="no" details="" size="41029" time="0" location="/home/knoldus/.ivy2/cache/org.apache.httpcomponents/httpmime/jars/httpmime-4.5.3.jar">
						<origin-location is-local="false" location="https://repo1.maven.org/maven2/org/apache/httpcomponents/httpmime/4.5.3/httpmime-4.5.3.jar"/>
					</artifact>
				</artifacts>
			</revision>
		</module>
		<module organisation="xalan" name="xalan">
			<revision name="2.7.2" status="release" pubdate="20140725001830" resolver="sbt-chain" artresolver="sbt-chain" homepage="http://xml.apache.org/xalan-j/" downloaded="false" searched="false" default="false" conf="compile, runtime(*), master(compile), runtime, compile(*), master" position="28">
				<license name="The Apache Software License, Version 2.0" url="http://www.apache.org/licenses/LICENSE-2.0.txt"/>
				<metadata-artifact status="no" details="" size="3178" time="0" location="/home/knoldus/.ivy2/cache/xalan/xalan/ivy-2.7.2.xml" searched="false" origin-is-local="false" origin-location="https://repo1.maven.org/maven2/xalan/xalan/2.7.2/xalan-2.7.2.pom"/>
				<caller organisation="org.seleniumhq.selenium" name="selenium-java" conf="default, compile, runtime, master" rev="2.7.2" rev-constraint-default="2.7.2" rev-constraint-dynamic="2.7.2" callerrev="3.4.0"/>
				<caller organisation="net.sourceforge.htmlunit" name="htmlunit" conf="compile, runtime" rev="2.7.2" rev-constraint-default="2.7.2" rev-constraint-dynamic="2.7.2" callerrev="2.26"/>
				<caller organisation="org.seleniumhq.selenium" name="selenium-server" conf="default, compile, runtime, master" rev="2.7.2" rev-constraint-default="2.7.2" rev-constraint-dynamic="2.7.2" callerrev="3.4.0"/>
				<artifacts>
					<artifact name="xalan" type="jar" ext="jar" extra-classifier="" status="no" details="" size="3154938" time="0" location="/home/knoldus/.ivy2/cache/xalan/xalan/jars/xalan-2.7.2.jar">
						<origin-location is-local="false" location="UNKNOWN"/>
					</artifact>
				</artifacts>
			</revision>
		</module>
		<module organisation="xalan" name="serializer">
			<revision name="2.7.2" status="release" pubdate="20140725001454" resolver="sbt-chain" artresolver="sbt-chain" homepage="http://xml.apache.org/xalan-j/" downloaded="false" searched="false" default="false" conf="compile, runtime(*), master(compile), runtime, compile(*), master" position="29">
				<license name="The Apache Software License, Version 2.0" url="http://www.apache.org/licenses/LICENSE-2.0.txt"/>
				<metadata-artifact status="no" details="" size="2988" time="0" location="/home/knoldus/.ivy2/cache/xalan/serializer/ivy-2.7.2.xml" searched="false" origin-is-local="false" origin-location="https://repo1.maven.org/maven2/xalan/serializer/2.7.2/serializer-2.7.2.pom"/>
				<caller organisation="org.seleniumhq.selenium" name="selenium-java" conf="default, compile, runtime, master" rev="2.7.2" rev-constraint-default="2.7.2" rev-constraint-dynamic="2.7.2" callerrev="3.4.0"/>
				<caller organisation="xalan" name="xalan" conf="compile, runtime" rev="2.7.2" rev-constraint-default="2.7.2" rev-constraint-dynamic="2.7.2" callerrev="2.7.2"/>
				<caller organisation="org.seleniumhq.selenium" name="selenium-server" conf="default, compile, runtime, master" rev="2.7.2" rev-constraint-default="2.7.2" rev-constraint-dynamic="2.7.2" callerrev="3.4.0"/>
				<artifacts>
					<artifact name="serializer" type="jar" ext="jar" extra-classifier="" status="no" details="" size="276420" time="0" location="/home/knoldus/.ivy2/cache/xalan/serializer/jars/serializer-2.7.2.jar">
						<origin-location is-local="false" location="UNKNOWN"/>
					</artifact>
				</artifacts>
			</revision>
		</module>
		<module organisation="net.sourceforge.cssparser" name="cssparser">
			<revision name="0.9.22" status="release" pubdate="20170223143627" resolver="sbt-chain" artresolver="sbt-chain" homepage="http://cssparser.sourceforge.net/" downloaded="false" searched="false" default="false" conf="compile, runtime(*), master(compile), runtime, compile(*), master" position="26">
				<license name="Apache License, Version 2.0" url="http://www.apache.org/licenses/LICENSE-2.0.txt"/>
				<metadata-artifact status="no" details="" size="3783" time="0" location="/home/knoldus/.ivy2/cache/net.sourceforge.cssparser/cssparser/ivy-0.9.22.xml" searched="false" origin-is-local="false" origin-location="https://repo1.maven.org/maven2/net/sourceforge/cssparser/cssparser/0.9.22/cssparser-0.9.22.pom"/>
				<caller organisation="org.seleniumhq.selenium" name="selenium-java" conf="default, compile, runtime, master" rev="0.9.22" rev-constraint-default="0.9.22" rev-constraint-dynamic="0.9.22" callerrev="3.4.0"/>
				<caller organisation="net.sourceforge.htmlunit" name="htmlunit" conf="compile, runtime" rev="0.9.22" rev-constraint-default="0.9.22" rev-constraint-dynamic="0.9.22" callerrev="2.26"/>
				<caller organisation="org.seleniumhq.selenium" name="selenium-server" conf="default, compile, runtime, master" rev="0.9.22" rev-constraint-default="0.9.22" rev-constraint-dynamic="0.9.22" callerrev="3.4.0"/>
				<artifacts>
					<artifact name="cssparser" type="jar" ext="jar" extra-classifier="" status="no" details="" size="381496" time="0" location="/home/knoldus/.ivy2/cache/net.sourceforge.cssparser/cssparser/jars/cssparser-0.9.22.jar">
						<origin-location is-local="false" location="https://repo1.maven.org/maven2/net/sourceforge/cssparser/cssparser/0.9.22/cssparser-0.9.22.jar"/>
					</artifact>
				</artifacts>
			</revision>
		</module>
		<module organisation="org.w3c.css" name="sac">
			<revision name="1.3" status="release" pubdate="20080323101250" resolver="sbt-chain" artresolver="sbt-chain" homepage="http://www.w3.org/Style/CSS/SAC/" downloaded="false" searched="false" default="false" conf="compile, runtime(*), master(compile), runtime, compile(*), master" position="25">
				<license name="The W3C Software License" url="http://www.w3.org/Consortium/Legal/copyright-software-19980720"/>
				<metadata-artifact status="no" details="" size="2511" time="0" location="/home/knoldus/.ivy2/cache/org.w3c.css/sac/ivy-1.3.xml" searched="false" origin-is-local="false" origin-location="https://repo1.maven.org/maven2/org/w3c/css/sac/1.3/sac-1.3.pom"/>
				<caller organisation="org.seleniumhq.selenium" name="selenium-java" conf="default, compile, runtime, master" rev="1.3" rev-constraint-default="1.3" rev-constraint-dynamic="1.3" callerrev="3.4.0"/>
				<caller organisation="org.seleniumhq.selenium" name="selenium-server" conf="default, compile, runtime, master" rev="1.3" rev-constraint-default="1.3" rev-constraint-dynamic="1.3" callerrev="3.4.0"/>
				<caller organisation="net.sourceforge.cssparser" name="cssparser" conf="compile, runtime" rev="1.3" rev-constraint-default="1.3" rev-constraint-dynamic="1.3" callerrev="0.9.22"/>
				<artifacts>
					<artifact name="sac" type="jar" ext="jar" extra-classifier="" status="no" details="" size="15808" time="0" location="/home/knoldus/.ivy2/cache/org.w3c.css/sac/jars/sac-1.3.jar">
						<origin-location is-local="false" location="UNKNOWN"/>
					</artifact>
				</artifacts>
			</revision>
		</module>
		<module organisation="org.apache.commons" name="commons-lang3">
			<revision name="3.5" status="release" pubdate="20161014012341" resolver="sbt-chain" artresolver="sbt-chain" homepage="http://commons.apache.org/proper/commons-lang/" downloaded="false" searched="false" default="false" conf="compile, runtime(*), master(compile), runtime, compile(*), master" position="23">
				<license name="Apache License, Version 2.0" url="https://www.apache.org/licenses/LICENSE-2.0.txt"/>
				<metadata-artifact status="no" details="" size="12365" time="0" location="/home/knoldus/.ivy2/cache/org.apache.commons/commons-lang3/ivy-3.5.xml" searched="false" origin-is-local="false" origin-location="https://repo1.maven.org/maven2/org/apache/commons/commons-lang3/3.5/commons-lang3-3.5.pom"/>
				<caller organisation="org.seleniumhq.selenium" name="selenium-java" conf="default, compile, runtime, master" rev="3.5" rev-constraint-default="3.5" rev-constraint-dynamic="3.5" callerrev="3.4.0"/>
				<caller organisation="net.sourceforge.htmlunit" name="htmlunit" conf="compile, runtime" rev="3.5" rev-constraint-default="3.5" rev-constraint-dynamic="3.5" callerrev="2.26"/>
				<caller organisation="org.seleniumhq.selenium" name="selenium-server" conf="default, compile, runtime, master" rev="3.5" rev-constraint-default="3.5" rev-constraint-dynamic="3.5" callerrev="3.4.0"/>
				<artifacts>
					<artifact name="commons-lang3" type="jar" ext="jar" extra-classifier="" status="no" details="" size="479881" time="0" location="/home/knoldus/.ivy2/cache/org.apache.commons/commons-lang3/jars/commons-lang3-3.5.jar">
						<origin-location is-local="false" location="UNKNOWN"/>
					</artifact>
				</artifacts>
			</revision>
		</module>
		<module organisation="commons-io" name="commons-io">
			<revision name="2.5" status="release" pubdate="20160422202236" resolver="sbt-chain" artresolver="sbt-chain" homepage="http://commons.apache.org/proper/commons-io/" downloaded="false" searched="false" default="false" conf="compile, runtime(*), master(compile), runtime, compile(*), master" position="24">
				<license name="Apache License, Version 2.0" url="http://www.apache.org/licenses/LICENSE-2.0.txt"/>
				<metadata-artifact status="no" details="" size="11588" time="0" location="/home/knoldus/.ivy2/cache/commons-io/commons-io/ivy-2.5.xml" searched="false" origin-is-local="false" origin-location="https://repo1.maven.org/maven2/commons-io/commons-io/2.5/commons-io-2.5.pom"/>
				<caller organisation="org.seleniumhq.selenium" name="selenium-java" conf="default, compile, runtime, master" rev="2.5" rev-constraint-default="2.5" rev-constraint-dynamic="2.5" callerrev="3.4.0"/>
				<caller organisation="net.sourceforge.htmlunit" name="htmlunit" conf="compile, runtime" rev="2.5" rev-constraint-default="2.5" rev-constraint-dynamic="2.5" callerrev="2.26"/>
				<caller organisation="org.seleniumhq.selenium" name="selenium-server" conf="default, compile, runtime, master" rev="2.5" rev-constraint-default="2.5" rev-constraint-dynamic="2.5" callerrev="3.4.0"/>
				<artifacts>
					<artifact name="commons-io" type="jar" ext="jar" extra-classifier="" status="no" details="" size="208700" time="0" location="/home/knoldus/.ivy2/cache/commons-io/commons-io/jars/commons-io-2.5.jar">
						<origin-location is-local="false" location="UNKNOWN"/>
					</artifact>
				</artifacts>
			</revision>
		</module>
		<module organisation="org.seleniumhq.selenium" name="selenium-support">
			<revision name="3.4.0" status="release" pubdate="20170421170248" resolver="sbt-chain" artresolver="sbt-chain" homepage="http://www.seleniumhq.org/" downloaded="false" searched="false" default="false" conf="compile, runtime(*), master(compile), runtime, compile(*), master" position="20">
				<license name="The Apache Software License, Version 2.0" url="http://www.apache.org/licenses/LICENSE-2.0.txt"/>
				<metadata-artifact status="no" details="" size="5970" time="0" location="/home/knoldus/.ivy2/cache/org.seleniumhq.selenium/selenium-support/ivy-3.4.0.xml" searched="false" origin-is-local="false" origin-location="https://repo1.maven.org/maven2/org/seleniumhq/selenium/selenium-support/3.4.0/selenium-support-3.4.0.pom"/>
				<caller organisation="org.seleniumhq.selenium" name="htmlunit-driver" conf="compile, runtime" rev="[3.3.1,4.0.0)" rev-constraint-default="[3.3.1,4.0.0)" rev-constraint-dynamic="[3.3.1,4.0.0)" callerrev="2.26"/>
				<caller organisation="org.seleniumhq.selenium" name="selenium-java" conf="default, compile, runtime, master" rev="3.4.0" rev-constraint-default="3.4.0" rev-constraint-dynamic="3.4.0" callerrev="3.4.0"/>
				<caller organisation="org.seleniumhq.selenium" name="selenium-server" conf="default, compile, runtime, master" rev="3.4.0" rev-constraint-default="3.4.0" rev-constraint-dynamic="3.4.0" callerrev="3.4.0"/>
				<artifacts>
					<artifact name="selenium-support" type="jar" ext="jar" extra-classifier="" status="no" details="" size="144295" time="0" location="/home/knoldus/.ivy2/cache/org.seleniumhq.selenium/selenium-support/jars/selenium-support-3.4.0.jar">
						<origin-location is-local="false" location="https://repo1.maven.org/maven2/org/seleniumhq/selenium/selenium-support/3.4.0/selenium-support-3.4.0.jar"/>
					</artifact>
				</artifacts>
			</revision>
			<revision name="[3.3.1,4.0.0)" evicted="latest-revision" evicted-reason="" downloaded="false" searched="false" conf="compile, runtime(*), master(compile), runtime, compile(*), master" position="-1">
				<evicted-by rev="3.4.0"/>
				<caller organisation="org.seleniumhq.selenium" name="htmlunit-driver" conf="compile, runtime" rev="[3.3.1,4.0.0)" rev-constraint-default="[3.3.1,4.0.0)" rev-constraint-dynamic="[3.3.1,4.0.0)" callerrev="2.26"/>
				<artifacts>
				</artifacts>
			</revision>
		</module>
		<module organisation="org.seleniumhq.selenium" name="selenium-safari-driver">
			<revision name="3.4.0" status="release" pubdate="20170421170823" resolver="sbt-chain" artresolver="sbt-chain" homepage="http://www.seleniumhq.org/" downloaded="false" searched="false" default="false" conf="compile, runtime(*), master(compile), runtime, compile(*), master" position="19">
				<license name="The Apache Software License, Version 2.0" url="http://www.apache.org/licenses/LICENSE-2.0.txt"/>
				<metadata-artifact status="no" details="" size="5528" time="0" location="/home/knoldus/.ivy2/cache/org.seleniumhq.selenium/selenium-safari-driver/ivy-3.4.0.xml" searched="false" origin-is-local="false" origin-location="https://repo1.maven.org/maven2/org/seleniumhq/selenium/selenium-safari-driver/3.4.0/selenium-safari-driver-3.4.0.pom"/>
				<caller organisation="org.seleniumhq.selenium" name="selenium-java" conf="default, compile, runtime, master" rev="3.4.0" rev-constraint-default="3.4.0" rev-constraint-dynamic="3.4.0" callerrev="3.4.0"/>
				<caller organisation="org.seleniumhq.selenium" name="selenium-server" conf="default, compile, runtime, master" rev="3.4.0" rev-constraint-default="3.4.0" rev-constraint-dynamic="3.4.0" callerrev="3.4.0"/>
				<artifacts>
					<artifact name="selenium-safari-driver" type="jar" ext="jar" extra-classifier="" status="no" details="" size="7504" time="0" location="/home/knoldus/.ivy2/cache/org.seleniumhq.selenium/selenium-safari-driver/jars/selenium-safari-driver-3.4.0.jar">
						<origin-location is-local="false" location="https://repo1.maven.org/maven2/org/seleniumhq/selenium/selenium-safari-driver/3.4.0/selenium-safari-driver-3.4.0.jar"/>
					</artifact>
				</artifacts>
			</revision>
		</module>
		<module organisation="org.seleniumhq.selenium" name="selenium-opera-driver">
			<revision name="3.4.0" status="release" pubdate="20170421170715" resolver="sbt-chain" artresolver="sbt-chain" homepage="http://www.seleniumhq.org/" downloaded="false" searched="false" default="false" conf="compile, runtime(*), master(compile), runtime, compile(*), master" position="18">
				<license name="The Apache Software License, Version 2.0" url="http://www.apache.org/licenses/LICENSE-2.0.txt"/>
				<metadata-artifact status="no" details="" size="5526" time="0" location="/home/knoldus/.ivy2/cache/org.seleniumhq.selenium/selenium-opera-driver/ivy-3.4.0.xml" searched="false" origin-is-local="false" origin-location="https://repo1.maven.org/maven2/org/seleniumhq/selenium/selenium-opera-driver/3.4.0/selenium-opera-driver-3.4.0.pom"/>
				<caller organisation="org.seleniumhq.selenium" name="selenium-java" conf="default, compile, runtime, master" rev="3.4.0" rev-constraint-default="3.4.0" rev-constraint-dynamic="3.4.0" callerrev="3.4.0"/>
				<caller organisation="org.seleniumhq.selenium" name="selenium-server" conf="default, compile, runtime, master" rev="3.4.0" rev-constraint-default="3.4.0" rev-constraint-dynamic="3.4.0" callerrev="3.4.0"/>
				<artifacts>
					<artifact name="selenium-opera-driver" type="jar" ext="jar" extra-classifier="" status="no" details="" size="7622" time="0" location="/home/knoldus/.ivy2/cache/org.seleniumhq.selenium/selenium-opera-driver/jars/selenium-opera-driver-3.4.0.jar">
						<origin-location is-local="false" location="https://repo1.maven.org/maven2/org/seleniumhq/selenium/selenium-opera-driver/3.4.0/selenium-opera-driver-3.4.0.jar"/>
					</artifact>
				</artifacts>
			</revision>
		</module>
		<module organisation="org.seleniumhq.selenium" name="selenium-ie-driver">
			<revision name="3.4.0" status="release" pubdate="20170421170522" resolver="sbt-chain" artresolver="sbt-chain" homepage="http://www.seleniumhq.org/" downloaded="false" searched="false" default="false" conf="compile, runtime(*), master(compile), runtime, compile(*), master" position="17">
				<license name="The Apache Software License, Version 2.0" url="http://www.apache.org/licenses/LICENSE-2.0.txt"/>
				<metadata-artifact status="no" details="" size="5520" time="0" location="/home/knoldus/.ivy2/cache/org.seleniumhq.selenium/selenium-ie-driver/ivy-3.4.0.xml" searched="false" origin-is-local="false" origin-location="https://repo1.maven.org/maven2/org/seleniumhq/selenium/selenium-ie-driver/3.4.0/selenium-ie-driver-3.4.0.pom"/>
				<caller organisation="org.seleniumhq.selenium" name="selenium-java" conf="default, compile, runtime, master" rev="3.4.0" rev-constraint-default="3.4.0" rev-constraint-dynamic="3.4.0" callerrev="3.4.0"/>
				<caller organisation="org.seleniumhq.selenium" name="selenium-server" conf="default, compile, runtime, master" rev="3.4.0" rev-constraint-default="3.4.0" rev-constraint-dynamic="3.4.0" callerrev="3.4.0"/>
				<artifacts>
					<artifact name="selenium-ie-driver" type="jar" ext="jar" extra-classifier="" status="no" details="" size="13769" time="0" location="/home/knoldus/.ivy2/cache/org.seleniumhq.selenium/selenium-ie-driver/jars/selenium-ie-driver-3.4.0.jar">
						<origin-location is-local="false" location="https://repo1.maven.org/maven2/org/seleniumhq/selenium/selenium-ie-driver/3.4.0/selenium-ie-driver-3.4.0.jar"/>
					</artifact>
				</artifacts>
			</revision>
		</module>
		<module organisation="org.seleniumhq.selenium" name="selenium-firefox-driver">
			<revision name="3.4.0" status="release" pubdate="20170421170446" resolver="sbt-chain" artresolver="sbt-chain" homepage="http://www.seleniumhq.org/" downloaded="false" searched="false" default="false" conf="default, compile, runtime(*), master(compile), runtime, default(compile), compile(*), master" position="16">
				<license name="The Apache Software License, Version 2.0" url="http://www.apache.org/licenses/LICENSE-2.0.txt"/>
				<metadata-artifact status="no" details="" size="5530" time="0" location="/home/knoldus/.ivy2/cache/org.seleniumhq.selenium/selenium-firefox-driver/ivy-3.4.0.xml" searched="false" origin-is-local="false" origin-location="https://repo1.maven.org/maven2/org/seleniumhq/selenium/selenium-firefox-driver/3.4.0/selenium-firefox-driver-3.4.0.pom"/>
				<caller organisation="test-automation-with-selenium" name="test-automation-with-selenium_2.12" conf="compile" rev="3.4.0" rev-constraint-default="3.4.0" rev-constraint-dynamic="3.4.0" callerrev="1.0"/>
				<caller organisation="org.seleniumhq.selenium" name="selenium-java" conf="default, compile, runtime, master" rev="3.4.0" rev-constraint-default="3.4.0" rev-constraint-dynamic="3.4.0" callerrev="3.4.0"/>
				<caller organisation="org.seleniumhq.selenium" name="selenium-server" conf="default, compile, runtime, master" rev="3.4.0" rev-constraint-default="3.4.0" rev-constraint-dynamic="3.4.0" callerrev="3.4.0"/>
				<artifacts>
					<artifact name="selenium-firefox-driver" type="jar" ext="jar" extra-classifier="" status="no" details="" size="807407" time="0" location="/home/knoldus/.ivy2/cache/org.seleniumhq.selenium/selenium-firefox-driver/jars/selenium-firefox-driver-3.4.0.jar">
						<origin-location is-local="false" location="https://repo1.maven.org/maven2/org/seleniumhq/selenium/selenium-firefox-driver/3.4.0/selenium-firefox-driver-3.4.0.jar"/>
					</artifact>
				</artifacts>
			</revision>
		</module>
		<module organisation="org.seleniumhq.selenium" name="selenium-edge-driver">
			<revision name="3.4.0" status="release" pubdate="20170421170404" resolver="sbt-chain" artresolver="sbt-chain" homepage="http://www.seleniumhq.org/" downloaded="false" searched="false" default="false" conf="compile, runtime(*), master(compile), runtime, compile(*), master" position="15">
				<license name="The Apache Software License, Version 2.0" url="http://www.apache.org/licenses/LICENSE-2.0.txt"/>
				<metadata-artifact status="no" details="" size="5524" time="0" location="/home/knoldus/.ivy2/cache/org.seleniumhq.selenium/selenium-edge-driver/ivy-3.4.0.xml" searched="false" origin-is-local="false" origin-location="https://repo1.maven.org/maven2/org/seleniumhq/selenium/selenium-edge-driver/3.4.0/selenium-edge-driver-3.4.0.pom"/>
				<caller organisation="org.seleniumhq.selenium" name="selenium-java" conf="default, compile, runtime, master" rev="3.4.0" rev-constraint-default="3.4.0" rev-constraint-dynamic="3.4.0" callerrev="3.4.0"/>
				<caller organisation="org.seleniumhq.selenium" name="selenium-server" conf="default, compile, runtime, master" rev="3.4.0" rev-constraint-default="3.4.0" rev-constraint-dynamic="3.4.0" callerrev="3.4.0"/>
				<artifacts>
					<artifact name="selenium-edge-driver" type="jar" ext="jar" extra-classifier="" status="no" details="" size="4710" time="0" location="/home/knoldus/.ivy2/cache/org.seleniumhq.selenium/selenium-edge-driver/jars/selenium-edge-driver-3.4.0.jar">
						<origin-location is-local="false" location="https://repo1.maven.org/maven2/org/seleniumhq/selenium/selenium-edge-driver/3.4.0/selenium-edge-driver-3.4.0.jar"/>
					</artifact>
				</artifacts>
			</revision>
		</module>
		<module organisation="org.seleniumhq.selenium" name="selenium-chrome-driver">
			<revision name="3.4.0" status="release" pubdate="20170421170327" resolver="sbt-chain" artresolver="sbt-chain" homepage="http://www.seleniumhq.org/" downloaded="false" searched="false" default="false" conf="default, compile, runtime(*), master(compile), runtime, default(compile), compile(*), master" position="3">
				<license name="The Apache Software License, Version 2.0" url="http://www.apache.org/licenses/LICENSE-2.0.txt"/>
				<metadata-artifact status="no" details="" size="5528" time="0" location="/home/knoldus/.ivy2/cache/org.seleniumhq.selenium/selenium-chrome-driver/ivy-3.4.0.xml" searched="false" origin-is-local="false" origin-location="https://repo1.maven.org/maven2/org/seleniumhq/selenium/selenium-chrome-driver/3.4.0/selenium-chrome-driver-3.4.0.pom"/>
				<caller organisation="test-automation-with-selenium" name="test-automation-with-selenium_2.12" conf="compile" rev="3.4.0" rev-constraint-default="3.4.0" rev-constraint-dynamic="3.4.0" callerrev="1.0"/>
				<caller organisation="org.seleniumhq.selenium" name="selenium-java" conf="default, compile, runtime, master" rev="3.4.0" rev-constraint-default="3.4.0" rev-constraint-dynamic="3.4.0" callerrev="3.4.0"/>
				<caller organisation="org.seleniumhq.selenium" name="selenium-server" conf="default, compile, runtime, master" rev="3.4.0" rev-constraint-default="3.4.0" rev-constraint-dynamic="3.4.0" callerrev="3.4.0"/>
				<artifacts>
					<artifact name="selenium-chrome-driver" type="jar" ext="jar" extra-classifier="" status="no" details="" size="9624" time="0" location="/home/knoldus/.ivy2/cache/org.seleniumhq.selenium/selenium-chrome-driver/jars/selenium-chrome-driver-3.4.0.jar">
						<origin-location is-local="false" location="https://repo1.maven.org/maven2/org/seleniumhq/selenium/selenium-chrome-driver/3.4.0/selenium-chrome-driver-3.4.0.jar"/>
					</artifact>
				</artifacts>
			</revision>
		</module>
		<module organisation="org.seleniumhq.selenium" name="selenium-remote-driver">
			<revision name="3.4.0" status="release" pubdate="20170421170755" resolver="sbt-chain" artresolver="sbt-chain" homepage="http://www.seleniumhq.org/" downloaded="false" searched="false" default="false" conf="compile, runtime(*), master(compile), runtime, compile(*), master" position="4">
				<license name="The Apache Software License, Version 2.0" url="http://www.apache.org/licenses/LICENSE-2.0.txt"/>
				<metadata-artifact status="no" details="" size="5259" time="0" location="/home/knoldus/.ivy2/cache/org.seleniumhq.selenium/selenium-remote-driver/ivy-3.4.0.xml" searched="false" origin-is-local="false" origin-location="https://repo1.maven.org/maven2/org/seleniumhq/selenium/selenium-remote-driver/3.4.0/selenium-remote-driver-3.4.0.pom"/>
				<caller organisation="org.seleniumhq.selenium" name="selenium-java" conf="default, compile, runtime, master" rev="3.4.0" rev-constraint-default="3.4.0" rev-constraint-dynamic="3.4.0" callerrev="3.4.0"/>
				<caller organisation="org.seleniumhq.selenium" name="selenium-firefox-driver" conf="compile, runtime" rev="3.4.0" rev-constraint-default="3.4.0" rev-constraint-dynamic="3.4.0" callerrev="3.4.0"/>
				<caller organisation="org.seleniumhq.selenium" name="selenium-opera-driver" conf="compile, runtime" rev="3.4.0" rev-constraint-default="3.4.0" rev-constraint-dynamic="3.4.0" callerrev="3.4.0"/>
				<caller organisation="org.seleniumhq.selenium" name="selenium-server" conf="default, compile, runtime, master" rev="3.4.0" rev-constraint-default="3.4.0" rev-constraint-dynamic="3.4.0" callerrev="3.4.0"/>
				<caller organisation="org.seleniumhq.selenium" name="selenium-safari-driver" conf="compile, runtime" rev="3.4.0" rev-constraint-default="3.4.0" rev-constraint-dynamic="3.4.0" callerrev="3.4.0"/>
				<caller organisation="com.codeborne" name="phantomjsdriver" conf="compile, runtime" rev="3.1.0" rev-constraint-default="3.1.0" rev-constraint-dynamic="3.1.0" callerrev="1.4.0"/>
				<caller organisation="org.seleniumhq.selenium" name="selenium-edge-driver" conf="compile, runtime" rev="3.4.0" rev-constraint-default="3.4.0" rev-constraint-dynamic="3.4.0" callerrev="3.4.0"/>
				<caller organisation="org.seleniumhq.selenium" name="selenium-ie-driver" conf="compile, runtime" rev="3.4.0" rev-constraint-default="3.4.0" rev-constraint-dynamic="3.4.0" callerrev="3.4.0"/>
				<caller organisation="org.seleniumhq.selenium" name="selenium-chrome-driver" conf="compile, runtime" rev="3.4.0" rev-constraint-default="3.4.0" rev-constraint-dynamic="3.4.0" callerrev="3.4.0"/>
				<caller organisation="org.seleniumhq.selenium" name="selenium-support" conf="compile, runtime" rev="3.4.0" rev-constraint-default="3.4.0" rev-constraint-dynamic="3.4.0" callerrev="3.4.0"/>
				<artifacts>
					<artifact name="selenium-remote-driver" type="jar" ext="jar" extra-classifier="" status="no" details="" size="323908" time="0" location="/home/knoldus/.ivy2/cache/org.seleniumhq.selenium/selenium-remote-driver/jars/selenium-remote-driver-3.4.0.jar">
						<origin-location is-local="false" location="https://repo1.maven.org/maven2/org/seleniumhq/selenium/selenium-remote-driver/3.4.0/selenium-remote-driver-3.4.0.jar"/>
					</artifact>
				</artifacts>
			</revision>
			<revision name="3.1.0" evicted="latest-revision" evicted-reason="" downloaded="false" searched="false" conf="compile, runtime(*), master(compile), runtime, compile(*), master" position="-1">
				<evicted-by rev="3.4.0"/>
				<caller organisation="com.codeborne" name="phantomjsdriver" conf="compile, runtime" rev="3.1.0" rev-constraint-default="3.1.0" rev-constraint-dynamic="3.1.0" callerrev="1.4.0"/>
				<artifacts>
				</artifacts>
			</revision>
		</module>
		<module organisation="net.java.dev.jna" name="jna-platform">
			<revision name="4.1.0" status="release" pubdate="20140306212822" resolver="sbt-chain" artresolver="sbt-chain" homepage="https://github.com/twall/jna" downloaded="false" searched="false" default="false" conf="compile, runtime(*), master(compile), runtime, compile(*), master" position="14">
				<license name="LGPL, version 2.1" url="http://www.gnu.org/licenses/licenses.html"/>
				<license name="ASL, version 2" url="http://www.apache.org/licenses/"/>
				<metadata-artifact status="no" details="" size="2732" time="0" location="/home/knoldus/.ivy2/cache/net.java.dev.jna/jna-platform/ivy-4.1.0.xml" searched="false" origin-is-local="false" origin-location="https://repo1.maven.org/maven2/net/java/dev/jna/jna-platform/4.1.0/jna-platform-4.1.0.pom"/>
				<caller organisation="org.seleniumhq.selenium" name="selenium-remote-driver" conf="compile, runtime" rev="4.1.0" rev-constraint-default="4.1.0" rev-constraint-dynamic="4.1.0" callerrev="3.4.0"/>
				<caller organisation="org.seleniumhq.selenium" name="selenium-java" conf="default, compile, runtime, master" rev="4.1.0" rev-constraint-default="4.1.0" rev-constraint-dynamic="4.1.0" callerrev="3.4.0"/>
				<caller organisation="org.seleniumhq.selenium" name="selenium-firefox-driver" conf="compile, runtime" rev="4.1.0" rev-constraint-default="4.1.0" rev-constraint-dynamic="4.1.0" callerrev="3.4.0"/>
				<caller organisation="org.seleniumhq.selenium" name="selenium-opera-driver" conf="compile, runtime" rev="4.1.0" rev-constraint-default="4.1.0" rev-constraint-dynamic="4.1.0" callerrev="3.4.0"/>
				<caller organisation="org.seleniumhq.selenium" name="selenium-server" conf="default, compile, runtime, master" rev="4.1.0" rev-constraint-default="4.1.0" rev-constraint-dynamic="4.1.0" callerrev="3.4.0"/>
				<caller organisation="org.seleniumhq.selenium" name="selenium-safari-driver" conf="compile, runtime" rev="4.1.0" rev-constraint-default="4.1.0" rev-constraint-dynamic="4.1.0" callerrev="3.4.0"/>
				<caller organisation="org.seleniumhq.selenium" name="selenium-edge-driver" conf="compile, runtime" rev="4.1.0" rev-constraint-default="4.1.0" rev-constraint-dynamic="4.1.0" callerrev="3.4.0"/>
				<caller organisation="org.seleniumhq.selenium" name="selenium-ie-driver" conf="compile, runtime" rev="4.1.0" rev-constraint-default="4.1.0" rev-constraint-dynamic="4.1.0" callerrev="3.4.0"/>
				<caller organisation="org.seleniumhq.selenium" name="selenium-chrome-driver" conf="compile, runtime" rev="4.1.0" rev-constraint-default="4.1.0" rev-constraint-dynamic="4.1.0" callerrev="3.4.0"/>
				<caller organisation="org.seleniumhq.selenium" name="selenium-support" conf="compile, runtime" rev="4.1.0" rev-constraint-default="4.1.0" rev-constraint-dynamic="4.1.0" callerrev="3.4.0"/>
				<artifacts>
					<artifact name="jna-platform" type="jar" ext="jar" extra-classifier="" status="no" details="" size="1464423" time="0" location="/home/knoldus/.ivy2/cache/net.java.dev.jna/jna-platform/jars/jna-platform-4.1.0.jar">
						<origin-location is-local="false" location="https://repo1.maven.org/maven2/net/java/dev/jna/jna-platform/4.1.0/jna-platform-4.1.0.jar"/>
					</artifact>
				</artifacts>
			</revision>
		</module>
		<module organisation="net.java.dev.jna" name="jna">
			<revision name="4.1.0" status="release" pubdate="20140306212605" resolver="sbt-chain" artresolver="sbt-chain" homepage="https://github.com/twall/jna" downloaded="false" searched="false" default="false" conf="compile, runtime(*), master(compile), runtime, compile(*), master" position="13">
				<license name="LGPL, version 2.1" url="http://www.gnu.org/licenses/licenses.html"/>
				<license name="ASL, version 2" url="http://www.apache.org/licenses/"/>
				<metadata-artifact status="no" details="" size="2534" time="0" location="/home/knoldus/.ivy2/cache/net.java.dev.jna/jna/ivy-4.1.0.xml" searched="false" origin-is-local="false" origin-location="https://repo1.maven.org/maven2/net/java/dev/jna/jna/4.1.0/jna-4.1.0.pom"/>
				<caller organisation="org.seleniumhq.selenium" name="selenium-remote-driver" conf="compile, runtime" rev="4.1.0" rev-constraint-default="4.1.0" rev-constraint-dynamic="4.1.0" callerrev="3.4.0"/>
				<caller organisation="org.seleniumhq.selenium" name="selenium-java" conf="default, compile, runtime, master" rev="4.1.0" rev-constraint-default="4.1.0" rev-constraint-dynamic="4.1.0" callerrev="3.4.0"/>
				<caller organisation="org.seleniumhq.selenium" name="selenium-firefox-driver" conf="compile, runtime" rev="4.1.0" rev-constraint-default="4.1.0" rev-constraint-dynamic="4.1.0" callerrev="3.4.0"/>
				<caller organisation="org.seleniumhq.selenium" name="selenium-opera-driver" conf="compile, runtime" rev="4.1.0" rev-constraint-default="4.1.0" rev-constraint-dynamic="4.1.0" callerrev="3.4.0"/>
				<caller organisation="org.seleniumhq.selenium" name="selenium-server" conf="default, compile, runtime, master" rev="4.1.0" rev-constraint-default="4.1.0" rev-constraint-dynamic="4.1.0" callerrev="3.4.0"/>
				<caller organisation="org.seleniumhq.selenium" name="selenium-safari-driver" conf="compile, runtime" rev="4.1.0" rev-constraint-default="4.1.0" rev-constraint-dynamic="4.1.0" callerrev="3.4.0"/>
				<caller organisation="org.seleniumhq.selenium" name="selenium-edge-driver" conf="compile, runtime" rev="4.1.0" rev-constraint-default="4.1.0" rev-constraint-dynamic="4.1.0" callerrev="3.4.0"/>
				<caller organisation="org.seleniumhq.selenium" name="selenium-ie-driver" conf="compile, runtime" rev="4.1.0" rev-constraint-default="4.1.0" rev-constraint-dynamic="4.1.0" callerrev="3.4.0"/>
				<caller organisation="org.seleniumhq.selenium" name="selenium-chrome-driver" conf="compile, runtime" rev="4.1.0" rev-constraint-default="4.1.0" rev-constraint-dynamic="4.1.0" callerrev="3.4.0"/>
				<caller organisation="org.seleniumhq.selenium" name="selenium-support" conf="compile, runtime" rev="4.1.0" rev-constraint-default="4.1.0" rev-constraint-dynamic="4.1.0" callerrev="3.4.0"/>
				<caller organisation="net.java.dev.jna" name="jna-platform" conf="compile, runtime" rev="4.1.0" rev-constraint-default="4.1.0" rev-constraint-dynamic="4.1.0" callerrev="4.1.0"/>
				<artifacts>
					<artifact name="jna" type="jar" ext="jar" extra-classifier="" status="no" details="" size="914597" time="0" location="/home/knoldus/.ivy2/cache/net.java.dev.jna/jna/jars/jna-4.1.0.jar">
						<origin-location is-local="false" location="UNKNOWN"/>
					</artifact>
				</artifacts>
			</revision>
		</module>
		<module organisation="org.apache.httpcomponents" name="httpclient">
			<revision name="4.5.3" status="release" pubdate="20170121213023" resolver="sbt-chain" artresolver="sbt-chain" homepage="http://hc.apache.org/httpcomponents-client" downloaded="false" searched="false" default="false" conf="compile, runtime(*), master(compile), runtime, compile(*), master" position="11">
				<license name="Apache License, Version 2.0" url="http://www.apache.org/licenses/LICENSE-2.0.txt"/>
				<metadata-artifact status="no" details="" size="9802" time="0" location="/home/knoldus/.ivy2/cache/org.apache.httpcomponents/httpclient/ivy-4.5.3.xml" searched="false" origin-is-local="false" origin-location="https://repo1.maven.org/maven2/org/apache/httpcomponents/httpclient/4.5.3/httpclient-4.5.3.pom"/>
				<caller organisation="org.seleniumhq.selenium" name="selenium-remote-driver" conf="compile, runtime" rev="4.5.3" rev-constraint-default="4.5.3" rev-constraint-dynamic="4.5.3" callerrev="3.4.0"/>
				<caller organisation="org.apache.httpcomponents" name="httpmime" conf="compile, runtime" rev="4.5.3" rev-constraint-default="4.5.3" rev-constraint-dynamic="4.5.3" callerrev="4.5.3"/>
				<caller organisation="org.seleniumhq.selenium" name="selenium-java" conf="default, compile, runtime, master" rev="4.5.3" rev-constraint-default="4.5.3" rev-constraint-dynamic="4.5.3" callerrev="3.4.0"/>
				<caller organisation="org.seleniumhq.selenium" name="selenium-firefox-driver" conf="compile, runtime" rev="4.5.3" rev-constraint-default="4.5.3" rev-constraint-dynamic="4.5.3" callerrev="3.4.0"/>
				<caller organisation="org.seleniumhq.selenium" name="selenium-opera-driver" conf="compile, runtime" rev="4.5.3" rev-constraint-default="4.5.3" rev-constraint-dynamic="4.5.3" callerrev="3.4.0"/>
				<caller organisation="org.seleniumhq.selenium" name="selenium-server" conf="default, compile, runtime, master" rev="4.5.3" rev-constraint-default="4.5.3" rev-constraint-dynamic="4.5.3" callerrev="3.4.0"/>
				<caller organisation="org.seleniumhq.selenium" name="selenium-safari-driver" conf="compile, runtime" rev="4.5.3" rev-constraint-default="4.5.3" rev-constraint-dynamic="4.5.3" callerrev="3.4.0"/>
				<caller organisation="org.seleniumhq.selenium" name="selenium-edge-driver" conf="compile, runtime" rev="4.5.3" rev-constraint-default="4.5.3" rev-constraint-dynamic="4.5.3" callerrev="3.4.0"/>
				<caller organisation="org.seleniumhq.selenium" name="selenium-ie-driver" conf="compile, runtime" rev="4.5.3" rev-constraint-default="4.5.3" rev-constraint-dynamic="4.5.3" callerrev="3.4.0"/>
				<caller organisation="org.seleniumhq.selenium" name="selenium-chrome-driver" conf="compile, runtime" rev="4.5.3" rev-constraint-default="4.5.3" rev-constraint-dynamic="4.5.3" callerrev="3.4.0"/>
				<caller organisation="org.seleniumhq.selenium" name="selenium-support" conf="compile, runtime" rev="4.5.3" rev-constraint-default="4.5.3" rev-constraint-dynamic="4.5.3" callerrev="3.4.0"/>
				<artifacts>
					<artifact name="httpclient" type="jar" ext="jar" extra-classifier="" status="no" details="" size="747794" time="0" location="/home/knoldus/.ivy2/cache/org.apache.httpcomponents/httpclient/jars/httpclient-4.5.3.jar">
						<origin-location is-local="false" location="https://repo1.maven.org/maven2/org/apache/httpcomponents/httpclient/4.5.3/httpclient-4.5.3.jar"/>
					</artifact>
				</artifacts>
			</revision>
		</module>
		<module organisation="org.apache.httpcomponents" name="httpcore">
			<revision name="4.4.6" status="release" pubdate="20170107192008" resolver="sbt-chain" artresolver="sbt-chain" homepage="http://hc.apache.org/httpcomponents-core-ga" downloaded="false" searched="false" default="false" conf="compile, runtime(*), master(compile), runtime, compile(*), master" position="12">
				<license name="Apache License, Version 2.0" url="http://www.apache.org/licenses/LICENSE-2.0.txt"/>
				<metadata-artifact status="no" details="" size="8156" time="0" location="/home/knoldus/.ivy2/cache/org.apache.httpcomponents/httpcore/ivy-4.4.6.xml" searched="false" origin-is-local="false" origin-location="https://repo1.maven.org/maven2/org/apache/httpcomponents/httpcore/4.4.6/httpcore-4.4.6.pom"/>
				<caller organisation="org.seleniumhq.selenium" name="selenium-remote-driver" conf="compile, runtime" rev="4.4.6" rev-constraint-default="4.4.6" rev-constraint-dynamic="4.4.6" callerrev="3.4.0"/>
				<caller organisation="org.apache.httpcomponents" name="httpclient" conf="compile, runtime" rev="4.4.6" rev-constraint-default="4.4.6" rev-constraint-dynamic="4.4.6" callerrev="4.5.3"/>
				<caller organisation="org.seleniumhq.selenium" name="selenium-java" conf="default, compile, runtime, master" rev="4.4.6" rev-constraint-default="4.4.6" rev-constraint-dynamic="4.4.6" callerrev="3.4.0"/>
				<caller organisation="org.seleniumhq.selenium" name="selenium-firefox-driver" conf="compile, runtime" rev="4.4.6" rev-constraint-default="4.4.6" rev-constraint-dynamic="4.4.6" callerrev="3.4.0"/>
				<caller organisation="org.seleniumhq.selenium" name="selenium-opera-driver" conf="compile, runtime" rev="4.4.6" rev-constraint-default="4.4.6" rev-constraint-dynamic="4.4.6" callerrev="3.4.0"/>
				<caller organisation="org.seleniumhq.selenium" name="selenium-server" conf="default, compile, runtime, master" rev="4.4.6" rev-constraint-default="4.4.6" rev-constraint-dynamic="4.4.6" callerrev="3.4.0"/>
				<caller organisation="org.seleniumhq.selenium" name="selenium-safari-driver" conf="compile, runtime" rev="4.4.6" rev-constraint-default="4.4.6" rev-constraint-dynamic="4.4.6" callerrev="3.4.0"/>
				<caller organisation="org.seleniumhq.selenium" name="selenium-edge-driver" conf="compile, runtime" rev="4.4.6" rev-constraint-default="4.4.6" rev-constraint-dynamic="4.4.6" callerrev="3.4.0"/>
				<caller organisation="org.seleniumhq.selenium" name="selenium-ie-driver" conf="compile, runtime" rev="4.4.6" rev-constraint-default="4.4.6" rev-constraint-dynamic="4.4.6" callerrev="3.4.0"/>
				<caller organisation="org.seleniumhq.selenium" name="selenium-chrome-driver" conf="compile, runtime" rev="4.4.6" rev-constraint-default="4.4.6" rev-constraint-dynamic="4.4.6" callerrev="3.4.0"/>
				<caller organisation="org.seleniumhq.selenium" name="selenium-support" conf="compile, runtime" rev="4.4.6" rev-constraint-default="4.4.6" rev-constraint-dynamic="4.4.6" callerrev="3.4.0"/>
				<artifacts>
					<artifact name="httpcore" type="jar" ext="jar" extra-classifier="" status="no" details="" size="323824" time="0" location="/home/knoldus/.ivy2/cache/org.apache.httpcomponents/httpcore/jars/httpcore-4.4.6.jar">
						<origin-location is-local="false" location="https://repo1.maven.org/maven2/org/apache/httpcomponents/httpcore/4.4.6/httpcore-4.4.6.jar"/>
					</artifact>
				</artifacts>
			</revision>
		</module>
		<module organisation="com.google.guava" name="guava">
			<revision name="21.0" status="release" pubdate="20170113005249" resolver="sbt-chain" artresolver="sbt-chain" homepage="" downloaded="false" searched="false" default="false" conf="compile, runtime(*), master(compile), runtime, compile(*), master" position="10">
				<license name="The Apache Software License, Version 2.0" url="http://www.apache.org/licenses/LICENSE-2.0.txt"/>
				<metadata-artifact status="no" details="" size="7168" time="0" location="/home/knoldus/.ivy2/cache/com.google.guava/guava/ivy-21.0.xml" searched="false" origin-is-local="false" origin-location="https://repo1.maven.org/maven2/com/google/guava/guava/21.0/guava-21.0.pom"/>
				<caller organisation="org.seleniumhq.selenium" name="selenium-remote-driver" conf="compile, runtime" rev="21.0" rev-constraint-default="21.0" rev-constraint-dynamic="21.0" callerrev="3.4.0"/>
				<caller organisation="org.seleniumhq.selenium" name="selenium-java" conf="default, compile, runtime, master" rev="21.0" rev-constraint-default="21.0" rev-constraint-dynamic="21.0" callerrev="3.4.0"/>
				<caller organisation="org.seleniumhq.selenium" name="selenium-firefox-driver" conf="compile, runtime" rev="21.0" rev-constraint-default="21.0" rev-constraint-dynamic="21.0" callerrev="3.4.0"/>
				<caller organisation="org.seleniumhq.selenium" name="selenium-opera-driver" conf="compile, runtime" rev="21.0" rev-constraint-default="21.0" rev-constraint-dynamic="21.0" callerrev="3.4.0"/>
				<caller organisation="org.seleniumhq.selenium" name="selenium-server" conf="default, compile, runtime, master" rev="21.0" rev-constraint-default="21.0" rev-constraint-dynamic="21.0" callerrev="3.4.0"/>
				<caller organisation="org.seleniumhq.selenium" name="selenium-safari-driver" conf="compile, runtime" rev="21.0" rev-constraint-default="21.0" rev-constraint-dynamic="21.0" callerrev="3.4.0"/>
				<caller organisation="org.seleniumhq.selenium" name="selenium-edge-driver" conf="compile, runtime" rev="21.0" rev-constraint-default="21.0" rev-constraint-dynamic="21.0" callerrev="3.4.0"/>
				<caller organisation="org.seleniumhq.selenium" name="selenium-ie-driver" conf="compile, runtime" rev="21.0" rev-constraint-default="21.0" rev-constraint-dynamic="21.0" callerrev="3.4.0"/>
				<caller organisation="org.seleniumhq.selenium" name="selenium-chrome-driver" conf="compile, runtime" rev="21.0" rev-constraint-default="21.0" rev-constraint-dynamic="21.0" callerrev="3.4.0"/>
				<caller organisation="org.seleniumhq.selenium" name="selenium-support" conf="compile, runtime" rev="21.0" rev-constraint-default="21.0" rev-constraint-dynamic="21.0" callerrev="3.4.0"/>
				<artifacts>
					<artifact name="guava" type="jar" ext="jar" extra-classifier="" status="no" details="" size="2521113" time="0" location="/home/knoldus/.ivy2/cache/com.google.guava/guava/jars/guava-21.0.jar">
						<origin-location is-local="false" location="https://repo1.maven.org/maven2/com/google/guava/guava/21.0/guava-21.0.jar"/>
					</artifact>
				</artifacts>
			</revision>
		</module>
		<module organisation="com.google.code.gson" name="gson">
			<revision name="2.8.0" status="release" pubdate="20161027113242" resolver="sbt-chain" artresolver="sbt-chain" homepage="" downloaded="false" searched="false" default="false" conf="compile, runtime(*), master(compile), runtime, compile(*), master" position="9">
				<license name="Apache 2.0" url="http://www.apache.org/licenses/LICENSE-2.0.txt"/>
				<metadata-artifact status="no" details="" size="3505" time="0" location="/home/knoldus/.ivy2/cache/com.google.code.gson/gson/ivy-2.8.0.xml" searched="false" origin-is-local="false" origin-location="https://repo1.maven.org/maven2/com/google/code/gson/gson/2.8.0/gson-2.8.0.pom"/>
				<caller organisation="org.seleniumhq.selenium" name="selenium-remote-driver" conf="compile, runtime" rev="2.8.0" rev-constraint-default="2.8.0" rev-constraint-dynamic="2.8.0" callerrev="3.4.0"/>
				<caller organisation="org.seleniumhq.selenium" name="selenium-java" conf="default, compile, runtime, master" rev="2.8.0" rev-constraint-default="2.8.0" rev-constraint-dynamic="2.8.0" callerrev="3.4.0"/>
				<caller organisation="org.seleniumhq.selenium" name="selenium-firefox-driver" conf="compile, runtime" rev="2.8.0" rev-constraint-default="2.8.0" rev-constraint-dynamic="2.8.0" callerrev="3.4.0"/>
				<caller organisation="org.seleniumhq.selenium" name="selenium-opera-driver" conf="compile, runtime" rev="2.8.0" rev-constraint-default="2.8.0" rev-constraint-dynamic="2.8.0" callerrev="3.4.0"/>
				<caller organisation="org.seleniumhq.selenium" name="selenium-server" conf="default, compile, runtime, master" rev="2.8.0" rev-constraint-default="2.8.0" rev-constraint-dynamic="2.8.0" callerrev="3.4.0"/>
				<caller organisation="org.seleniumhq.selenium" name="selenium-safari-driver" conf="compile, runtime" rev="2.8.0" rev-constraint-default="2.8.0" rev-constraint-dynamic="2.8.0" callerrev="3.4.0"/>
				<caller organisation="org.seleniumhq.selenium" name="selenium-edge-driver" conf="compile, runtime" rev="2.8.0" rev-constraint-default="2.8.0" rev-constraint-dynamic="2.8.0" callerrev="3.4.0"/>
				<caller organisation="org.seleniumhq.selenium" name="selenium-ie-driver" conf="compile, runtime" rev="2.8.0" rev-constraint-default="2.8.0" rev-constraint-dynamic="2.8.0" callerrev="3.4.0"/>
				<caller organisation="org.seleniumhq.selenium" name="selenium-chrome-driver" conf="compile, runtime" rev="2.8.0" rev-constraint-default="2.8.0" rev-constraint-dynamic="2.8.0" callerrev="3.4.0"/>
				<caller organisation="org.seleniumhq.selenium" name="selenium-support" conf="compile, runtime" rev="2.8.0" rev-constraint-default="2.8.0" rev-constraint-dynamic="2.8.0" callerrev="3.4.0"/>
				<artifacts>
					<artifact name="gson" type="jar" ext="jar" extra-classifier="" status="no" details="" size="231952" time="0" location="/home/knoldus/.ivy2/cache/com.google.code.gson/gson/jars/gson-2.8.0.jar">
						<origin-location is-local="false" location="https://repo1.maven.org/maven2/com/google/code/gson/gson/2.8.0/gson-2.8.0.jar"/>
					</artifact>
				</artifacts>
			</revision>
		</module>
		<module organisation="junit" name="junit">
			<revision name="4.12" status="release" pubdate="20141204214743" resolver="sbt-chain" artresolver="sbt-chain" homepage="http://junit.org" downloaded="false" searched="false" default="false" conf="compile, runtime(*), master(compile), runtime, compile(*), master" position="22">
				<license name="Eclipse Public License 1.0" url="http://www.eclipse.org/legal/epl-v10.html"/>
				<metadata-artifact status="no" details="" size="3317" time="0" location="/home/knoldus/.ivy2/cache/junit/junit/ivy-4.12.xml" searched="false" origin-is-local="false" origin-location="https://repo1.maven.org/maven2/junit/junit/4.12/junit-4.12.pom"/>
				<caller organisation="org.seleniumhq.selenium" name="selenium-java" conf="default, compile, runtime, master" rev="4.12" rev-constraint-default="4.12" rev-constraint-dynamic="4.12" callerrev="3.4.0"/>
				<caller organisation="org.seleniumhq.selenium" name="selenium-server" conf="default, compile, runtime, master" rev="4.12" rev-constraint-default="4.12" rev-constraint-dynamic="4.12" callerrev="3.4.0"/>
				<caller organisation="org.seleniumhq.selenium" name="selenium-support" conf="compile, runtime" rev="4.12" rev-constraint-default="4.12" rev-constraint-dynamic="4.12" callerrev="3.4.0"/>
				<artifacts>
					<artifact name="junit" type="jar" ext="jar" extra-classifier="" status="no" details="" size="314932" time="0" location="/home/knoldus/.ivy2/cache/junit/junit/jars/junit-4.12.jar">
						<origin-location is-local="false" location="https://repo1.maven.org/maven2/junit/junit/4.12/junit-4.12.jar"/>
					</artifact>
				</artifacts>
			</revision>
		</module>
		<module organisation="org.hamcrest" name="hamcrest-core">
			<revision name="1.3" status="release" pubdate="20120710023802" resolver="sbt-chain" artresolver="sbt-chain" homepage="" downloaded="false" searched="false" default="false" conf="compile, runtime(*), master(compile), runtime, compile(*), master" position="21">
				<license name="New BSD License" url="http://www.opensource.org/licenses/bsd-license.php"/>
				<metadata-artifact status="no" details="" size="2617" time="0" location="/home/knoldus/.ivy2/cache/org.hamcrest/hamcrest-core/ivy-1.3.xml" searched="false" origin-is-local="false" origin-location="https://repo1.maven.org/maven2/org/hamcrest/hamcrest-core/1.3/hamcrest-core-1.3.pom"/>
				<caller organisation="junit" name="junit" conf="compile, runtime" rev="1.3" rev-constraint-default="1.3" rev-constraint-dynamic="1.3" callerrev="4.12"/>
				<caller organisation="org.seleniumhq.selenium" name="selenium-java" conf="default, compile, runtime, master" rev="1.3" rev-constraint-default="1.3" rev-constraint-dynamic="1.3" callerrev="3.4.0"/>
				<caller organisation="org.seleniumhq.selenium" name="selenium-server" conf="default, compile, runtime, master" rev="1.3" rev-constraint-default="1.3" rev-constraint-dynamic="1.3" callerrev="3.4.0"/>
				<caller organisation="org.seleniumhq.selenium" name="selenium-support" conf="compile, runtime" rev="1.3" rev-constraint-default="1.3" rev-constraint-dynamic="1.3" callerrev="3.4.0"/>
				<artifacts>
					<artifact name="hamcrest-core" type="jar" ext="jar" extra-classifier="" status="no" details="" size="45024" time="0" location="/home/knoldus/.ivy2/cache/org.hamcrest/hamcrest-core/jars/hamcrest-core-1.3.jar">
						<origin-location is-local="false" location="UNKNOWN"/>
					</artifact>
				</artifacts>
			</revision>
		</module>
		<module organisation="commons-logging" name="commons-logging">
			<revision name="1.2" status="release" pubdate="20140705234228" resolver="sbt-chain" artresolver="sbt-chain" homepage="http://commons.apache.org/proper/commons-logging/" downloaded="false" searched="false" default="false" conf="compile, runtime(*), master(compile), runtime, compile(*), master" position="8">
				<license name="The Apache Software License, Version 2.0" url="http://www.apache.org/licenses/LICENSE-2.0.txt"/>
				<metadata-artifact status="no" details="" size="11623" time="0" location="/home/knoldus/.ivy2/cache/commons-logging/commons-logging/ivy-1.2.xml" searched="false" origin-is-local="false" origin-location="https://repo1.maven.org/maven2/commons-logging/commons-logging/1.2/commons-logging-1.2.pom"/>
				<caller organisation="org.seleniumhq.selenium" name="selenium-remote-driver" conf="compile, runtime" rev="1.2" rev-constraint-default="1.2" rev-constraint-dynamic="1.2" callerrev="3.4.0"/>
				<caller organisation="org.apache.httpcomponents" name="httpclient" conf="compile, runtime" rev="1.2" rev-constraint-default="1.2" rev-constraint-dynamic="1.2" callerrev="4.5.3"/>
				<caller organisation="org.seleniumhq.selenium" name="selenium-java" conf="default, compile, runtime, master" rev="1.2" rev-constraint-default="1.2" rev-constraint-dynamic="1.2" callerrev="3.4.0"/>
				<caller organisation="org.seleniumhq.selenium" name="selenium-firefox-driver" conf="compile, runtime" rev="1.2" rev-constraint-default="1.2" rev-constraint-dynamic="1.2" callerrev="3.4.0"/>
				<caller organisation="org.seleniumhq.selenium" name="selenium-opera-driver" conf="compile, runtime" rev="1.2" rev-constraint-default="1.2" rev-constraint-dynamic="1.2" callerrev="3.4.0"/>
				<caller organisation="net.sourceforge.htmlunit" name="htmlunit" conf="compile, runtime" rev="1.2" rev-constraint-default="1.2" rev-constraint-dynamic="1.2" callerrev="2.26"/>
				<caller organisation="org.seleniumhq.selenium" name="selenium-server" conf="default, compile, runtime, master" rev="1.2" rev-constraint-default="1.2" rev-constraint-dynamic="1.2" callerrev="3.4.0"/>
				<caller organisation="org.seleniumhq.selenium" name="selenium-safari-driver" conf="compile, runtime" rev="1.2" rev-constraint-default="1.2" rev-constraint-dynamic="1.2" callerrev="3.4.0"/>
				<caller organisation="org.seleniumhq.selenium" name="selenium-edge-driver" conf="compile, runtime" rev="1.2" rev-constraint-default="1.2" rev-constraint-dynamic="1.2" callerrev="3.4.0"/>
				<caller organisation="org.seleniumhq.selenium" name="selenium-ie-driver" conf="compile, runtime" rev="1.2" rev-constraint-default="1.2" rev-constraint-dynamic="1.2" callerrev="3.4.0"/>
				<caller organisation="org.seleniumhq.selenium" name="selenium-chrome-driver" conf="compile, runtime" rev="1.2" rev-constraint-default="1.2" rev-constraint-dynamic="1.2" callerrev="3.4.0"/>
				<caller organisation="org.seleniumhq.selenium" name="selenium-support" conf="compile, runtime" rev="1.2" rev-constraint-default="1.2" rev-constraint-dynamic="1.2" callerrev="3.4.0"/>
				<artifacts>
					<artifact name="commons-logging" type="jar" ext="jar" extra-classifier="" status="no" details="" size="61829" time="0" location="/home/knoldus/.ivy2/cache/commons-logging/commons-logging/jars/commons-logging-1.2.jar">
						<origin-location is-local="false" location="UNKNOWN"/>
					</artifact>
				</artifacts>
			</revision>
		</module>
		<module organisation="commons-codec" name="commons-codec">
			<revision name="1.10" status="release" pubdate="20141106194535" resolver="sbt-chain" artresolver="sbt-chain" homepage="http://commons.apache.org/proper/commons-codec/" downloaded="false" searched="false" default="false" conf="compile, runtime(*), master(compile), runtime, compile(*), master" position="7">
				<license name="Apache License, Version 2.0" url="http://www.apache.org/licenses/LICENSE-2.0.txt"/>
				<metadata-artifact status="no" details="" size="10608" time="0" location="/home/knoldus/.ivy2/cache/commons-codec/commons-codec/ivy-1.10.xml" searched="false" origin-is-local="false" origin-location="https://repo1.maven.org/maven2/commons-codec/commons-codec/1.10/commons-codec-1.10.pom"/>
				<caller organisation="org.seleniumhq.selenium" name="selenium-remote-driver" conf="compile, runtime" rev="1.10" rev-constraint-default="1.10" rev-constraint-dynamic="1.10" callerrev="3.4.0"/>
				<caller organisation="org.apache.httpcomponents" name="httpclient" conf="compile, runtime" rev="1.9" rev-constraint-default="1.9" rev-constraint-dynamic="1.9" callerrev="4.5.3"/>
				<caller organisation="org.seleniumhq.selenium" name="selenium-java" conf="default, compile, runtime, master" rev="1.10" rev-constraint-default="1.10" rev-constraint-dynamic="1.10" callerrev="3.4.0"/>
				<caller organisation="org.seleniumhq.selenium" name="selenium-firefox-driver" conf="compile, runtime" rev="1.10" rev-constraint-default="1.10" rev-constraint-dynamic="1.10" callerrev="3.4.0"/>
				<caller organisation="org.seleniumhq.selenium" name="selenium-opera-driver" conf="compile, runtime" rev="1.10" rev-constraint-default="1.10" rev-constraint-dynamic="1.10" callerrev="3.4.0"/>
				<caller organisation="org.seleniumhq.selenium" name="selenium-server" conf="default, compile, runtime, master" rev="1.10" rev-constraint-default="1.10" rev-constraint-dynamic="1.10" callerrev="3.4.0"/>
				<caller organisation="org.seleniumhq.selenium" name="selenium-safari-driver" conf="compile, runtime" rev="1.10" rev-constraint-default="1.10" rev-constraint-dynamic="1.10" callerrev="3.4.0"/>
				<caller organisation="org.seleniumhq.selenium" name="selenium-edge-driver" conf="compile, runtime" rev="1.10" rev-constraint-default="1.10" rev-constraint-dynamic="1.10" callerrev="3.4.0"/>
				<caller organisation="org.seleniumhq.selenium" name="selenium-ie-driver" conf="compile, runtime" rev="1.10" rev-constraint-default="1.10" rev-constraint-dynamic="1.10" callerrev="3.4.0"/>
				<caller organisation="org.seleniumhq.selenium" name="selenium-chrome-driver" conf="compile, runtime" rev="1.10" rev-constraint-default="1.10" rev-constraint-dynamic="1.10" callerrev="3.4.0"/>
				<caller organisation="org.seleniumhq.selenium" name="selenium-support" conf="compile, runtime" rev="1.10" rev-constraint-default="1.10" rev-constraint-dynamic="1.10" callerrev="3.4.0"/>
				<artifacts>
					<artifact name="commons-codec" type="jar" ext="jar" extra-classifier="" status="no" details="" size="284184" time="0" location="/home/knoldus/.ivy2/cache/commons-codec/commons-codec/jars/commons-codec-1.10.jar">
						<origin-location is-local="false" location="UNKNOWN"/>
					</artifact>
				</artifacts>
			</revision>
			<revision name="1.9" evicted="latest-revision" evicted-reason="" downloaded="false" searched="false" conf="compile, runtime(*), master(compile), runtime, compile(*), master" position="-1">
				<evicted-by rev="1.10"/>
				<caller organisation="org.apache.httpcomponents" name="httpclient" conf="compile, runtime" rev="1.9" rev-constraint-default="1.9" rev-constraint-dynamic="1.9" callerrev="4.5.3"/>
				<artifacts>
				</artifacts>
			</revision>
		</module>
		<module organisation="org.apache.commons" name="commons-exec">
			<revision name="1.3" status="release" pubdate="20141103055715" resolver="sbt-chain" artresolver="sbt-chain" homepage="http://commons.apache.org/proper/commons-exec/" downloaded="false" searched="false" default="false" conf="compile, runtime(*), master(compile), runtime, compile(*), master" position="6">
				<license name="Apache License, Version 2.0" url="http://www.apache.org/licenses/LICENSE-2.0.txt"/>
				<metadata-artifact status="no" details="" size="10376" time="0" location="/home/knoldus/.ivy2/cache/org.apache.commons/commons-exec/ivy-1.3.xml" searched="false" origin-is-local="false" origin-location="https://repo1.maven.org/maven2/org/apache/commons/commons-exec/1.3/commons-exec-1.3.pom"/>
				<caller organisation="org.seleniumhq.selenium" name="selenium-remote-driver" conf="compile, runtime" rev="1.3" rev-constraint-default="1.3" rev-constraint-dynamic="1.3" callerrev="3.4.0"/>
				<caller organisation="org.seleniumhq.selenium" name="selenium-java" conf="default, compile, runtime, master" rev="1.3" rev-constraint-default="1.3" rev-constraint-dynamic="1.3" callerrev="3.4.0"/>
				<caller organisation="org.seleniumhq.selenium" name="selenium-firefox-driver" conf="compile, runtime" rev="1.3" rev-constraint-default="1.3" rev-constraint-dynamic="1.3" callerrev="3.4.0"/>
				<caller organisation="org.seleniumhq.selenium" name="selenium-opera-driver" conf="compile, runtime" rev="1.3" rev-constraint-default="1.3" rev-constraint-dynamic="1.3" callerrev="3.4.0"/>
				<caller organisation="org.seleniumhq.selenium" name="selenium-server" conf="default, compile, runtime, master" rev="1.3" rev-constraint-default="1.3" rev-constraint-dynamic="1.3" callerrev="3.4.0"/>
				<caller organisation="org.seleniumhq.selenium" name="selenium-safari-driver" conf="compile, runtime" rev="1.3" rev-constraint-default="1.3" rev-constraint-dynamic="1.3" callerrev="3.4.0"/>
				<caller organisation="org.seleniumhq.selenium" name="selenium-edge-driver" conf="compile, runtime" rev="1.3" rev-constraint-default="1.3" rev-constraint-dynamic="1.3" callerrev="3.4.0"/>
				<caller organisation="org.seleniumhq.selenium" name="selenium-ie-driver" conf="compile, runtime" rev="1.3" rev-constraint-default="1.3" rev-constraint-dynamic="1.3" callerrev="3.4.0"/>
				<caller organisation="org.seleniumhq.selenium" name="selenium-chrome-driver" conf="compile, runtime" rev="1.3" rev-constraint-default="1.3" rev-constraint-dynamic="1.3" callerrev="3.4.0"/>
				<caller organisation="org.seleniumhq.selenium" name="selenium-support" conf="compile, runtime" rev="1.3" rev-constraint-default="1.3" rev-constraint-dynamic="1.3" callerrev="3.4.0"/>
				<artifacts>
					<artifact name="commons-exec" type="jar" ext="jar" extra-classifier="" status="no" details="" size="54423" time="0" location="/home/knoldus/.ivy2/cache/org.apache.commons/commons-exec/jars/commons-exec-1.3.jar">
						<origin-location is-local="false" location="https://repo1.maven.org/maven2/org/apache/commons/commons-exec/1.3/commons-exec-1.3.jar"/>
					</artifact>
				</artifacts>
			</revision>
		</module>
		<module organisation="cglib" name="cglib-nodep">
			<revision name="3.2.4" status="release" pubdate="20160624210025" resolver="sbt-chain" artresolver="sbt-chain" homepage="" downloaded="false" searched="false" default="false" conf="compile, runtime(*), master(compile), runtime, compile(*), master" position="5">
				<license name="ASF 2.0" url="http://www.apache.org/licenses/LICENSE-2.0.txt"/>
				<metadata-artifact status="no" details="" size="4385" time="0" location="/home/knoldus/.ivy2/cache/cglib/cglib-nodep/ivy-3.2.4.xml" searched="false" origin-is-local="false" origin-location="https://repo1.maven.org/maven2/cglib/cglib-nodep/3.2.4/cglib-nodep-3.2.4.pom"/>
				<caller organisation="org.seleniumhq.selenium" name="selenium-remote-driver" conf="compile, runtime" rev="3.2.4" rev-constraint-default="3.2.4" rev-constraint-dynamic="3.2.4" callerrev="3.4.0"/>
				<caller organisation="org.seleniumhq.selenium" name="selenium-java" conf="default, compile, runtime, master" rev="3.2.4" rev-constraint-default="3.2.4" rev-constraint-dynamic="3.2.4" callerrev="3.4.0"/>
				<caller organisation="org.seleniumhq.selenium" name="selenium-firefox-driver" conf="compile, runtime" rev="3.2.4" rev-constraint-default="3.2.4" rev-constraint-dynamic="3.2.4" callerrev="3.4.0"/>
				<caller organisation="org.seleniumhq.selenium" name="selenium-opera-driver" conf="compile, runtime" rev="3.2.4" rev-constraint-default="3.2.4" rev-constraint-dynamic="3.2.4" callerrev="3.4.0"/>
				<caller organisation="org.seleniumhq.selenium" name="selenium-server" conf="default, compile, runtime, master" rev="3.2.4" rev-constraint-default="3.2.4" rev-constraint-dynamic="3.2.4" callerrev="3.4.0"/>
				<caller organisation="org.seleniumhq.selenium" name="selenium-safari-driver" conf="compile, runtime" rev="3.2.4" rev-constraint-default="3.2.4" rev-constraint-dynamic="3.2.4" callerrev="3.4.0"/>
				<caller organisation="org.seleniumhq.selenium" name="selenium-edge-driver" conf="compile, runtime" rev="3.2.4" rev-constraint-default="3.2.4" rev-constraint-dynamic="3.2.4" callerrev="3.4.0"/>
				<caller organisation="org.seleniumhq.selenium" name="selenium-ie-driver" conf="compile, runtime" rev="3.2.4" rev-constraint-default="3.2.4" rev-constraint-dynamic="3.2.4" callerrev="3.4.0"/>
				<caller organisation="org.seleniumhq.selenium" name="selenium-chrome-driver" conf="compile, runtime" rev="3.2.4" rev-constraint-default="3.2.4" rev-constraint-dynamic="3.2.4" callerrev="3.4.0"/>
				<caller organisation="org.seleniumhq.selenium" name="selenium-support" conf="compile, runtime" rev="3.2.4" rev-constraint-default="3.2.4" rev-constraint-dynamic="3.2.4" callerrev="3.4.0"/>
				<artifacts>
					<artifact name="cglib-nodep" type="jar" ext="jar" extra-classifier="" status="no" details="" size="350926" time="0" location="/home/knoldus/.ivy2/cache/cglib/cglib-nodep/jars/cglib-nodep-3.2.4.jar">
						<origin-location is-local="false" location="https://repo1.maven.org/maven2/cglib/cglib-nodep/3.2.4/cglib-nodep-3.2.4.jar"/>
					</artifact>
				</artifacts>
			</revision>
		</module>
		<module organisation="org.seleniumhq.selenium" name="selenium-api">
			<revision name="3.4.0" status="release" pubdate="20170421170159" resolver="sbt-chain" artresolver="sbt-chain" homepage="http://www.seleniumhq.org/" downloaded="false" searched="false" default="false" conf="compile, runtime(*), master(compile), runtime, compile(*), master" position="2">
				<license name="The Apache Software License, Version 2.0" url="http://www.apache.org/licenses/LICENSE-2.0.txt"/>
				<metadata-artifact status="no" details="" size="2588" time="0" location="/home/knoldus/.ivy2/cache/org.seleniumhq.selenium/selenium-api/ivy-3.4.0.xml" searched="false" origin-is-local="false" origin-location="https://repo1.maven.org/maven2/org/seleniumhq/selenium/selenium-api/3.4.0/selenium-api-3.4.0.pom"/>
				<caller organisation="org.seleniumhq.selenium" name="selenium-remote-driver" conf="compile, runtime" rev="3.4.0" rev-constraint-default="3.4.0" rev-constraint-dynamic="3.4.0" callerrev="3.4.0"/>
				<caller organisation="org.seleniumhq.selenium" name="htmlunit-driver" conf="compile, runtime" rev="[3.3.1,4.0.0)" rev-constraint-default="[3.3.1,4.0.0)" rev-constraint-dynamic="[3.3.1,4.0.0)" callerrev="2.26"/>
				<caller organisation="org.seleniumhq.selenium" name="selenium-java" conf="default, compile, runtime, master" rev="3.4.0" rev-constraint-default="3.4.0" rev-constraint-dynamic="3.4.0" callerrev="3.4.0"/>
				<caller organisation="org.seleniumhq.selenium" name="selenium-firefox-driver" conf="compile, runtime" rev="3.4.0" rev-constraint-default="3.4.0" rev-constraint-dynamic="3.4.0" callerrev="3.4.0"/>
				<caller organisation="org.seleniumhq.selenium" name="selenium-opera-driver" conf="compile, runtime" rev="3.4.0" rev-constraint-default="3.4.0" rev-constraint-dynamic="3.4.0" callerrev="3.4.0"/>
				<caller organisation="org.seleniumhq.selenium" name="selenium-server" conf="default, compile, runtime, master" rev="3.4.0" rev-constraint-default="3.4.0" rev-constraint-dynamic="3.4.0" callerrev="3.4.0"/>
				<caller organisation="org.seleniumhq.selenium" name="selenium-safari-driver" conf="compile, runtime" rev="3.4.0" rev-constraint-default="3.4.0" rev-constraint-dynamic="3.4.0" callerrev="3.4.0"/>
				<caller organisation="org.seleniumhq.selenium" name="selenium-edge-driver" conf="compile, runtime" rev="3.4.0" rev-constraint-default="3.4.0" rev-constraint-dynamic="3.4.0" callerrev="3.4.0"/>
				<caller organisation="org.seleniumhq.selenium" name="selenium-ie-driver" conf="compile, runtime" rev="3.4.0" rev-constraint-default="3.4.0" rev-constraint-dynamic="3.4.0" callerrev="3.4.0"/>
				<caller organisation="org.seleniumhq.selenium" name="selenium-chrome-driver" conf="compile, runtime" rev="3.4.0" rev-constraint-default="3.4.0" rev-constraint-dynamic="3.4.0" callerrev="3.4.0"/>
				<caller organisation="org.seleniumhq.selenium" name="selenium-support" conf="compile, runtime" rev="3.4.0" rev-constraint-default="3.4.0" rev-constraint-dynamic="3.4.0" callerrev="3.4.0"/>
				<artifacts>
					<artifact name="selenium-api" type="jar" ext="jar" extra-classifier="" status="no" details="" size="106777" time="0" location="/home/knoldus/.ivy2/cache/org.seleniumhq.selenium/selenium-api/jars/selenium-api-3.4.0.jar">
						<origin-location is-local="false" location="https://repo1.maven.org/maven2/org/seleniumhq/selenium/selenium-api/3.4.0/selenium-api-3.4.0.jar"/>
					</artifact>
				</artifacts>
			</revision>
			<revision name="[3.3.1,4.0.0)" evicted="latest-revision" evicted-reason="" downloaded="false" searched="false" conf="compile, runtime(*), master(compile), runtime, compile(*), master" position="-1">
				<evicted-by rev="3.4.0"/>
				<caller organisation="org.seleniumhq.selenium" name="htmlunit-driver" conf="compile, runtime" rev="[3.3.1,4.0.0)" rev-constraint-default="[3.3.1,4.0.0)" rev-constraint-dynamic="[3.3.1,4.0.0)" callerrev="2.26"/>
				<artifacts>
				</artifacts>
			</revision>
		</module>
		<module organisation="org.scala-lang" name="scala-library">
			<revision name="2.12.2" status="release" pubdate="20170413134911" resolver="sbt-chain" artresolver="sbt-chain" homepage="http://www.scala-lang.org/" extra-info.apiURL="http://www.scala-lang.org/api/2.12.2/" downloaded="false" searched="false" default="false" conf="default, compile, runtime(*), master(compile), runtime, default(compile), compile(*), master" position="0">
				<license name="BSD 3-Clause" url="http://www.scala-lang.org/license.html"/>
				<metadata-artifact status="no" details="" size="2653" time="0" location="/home/knoldus/.ivy2/cache/org.scala-lang/scala-library/ivy-2.12.2.xml" searched="false" origin-is-local="false" origin-location="https://repo1.maven.org/maven2/org/scala-lang/scala-library/2.12.2/scala-library-2.12.2.pom"/>
				<caller organisation="test-automation-with-selenium" name="test-automation-with-selenium_2.12" conf="compile" rev="2.12.2" rev-constraint-default="2.12.2" rev-constraint-dynamic="2.12.2" callerrev="1.0"/>
				<caller organisation="org.scala-lang" name="scala-reflect" conf="compile, runtime" rev="2.12.2" rev-constraint-default="2.12.2" rev-constraint-dynamic="2.12.2" callerrev="2.12.2"/>
				<caller organisation="org.scala-lang.modules" name="scala-parser-combinators_2.12" conf="compile, runtime" rev="2.12.2" rev-constraint-default="2.12.2" rev-constraint-dynamic="2.12.2" callerrev="1.0.4"/>
				<caller organisation="org.scala-lang.modules" name="scala-xml_2.12" conf="compile, runtime" rev="2.12.2" rev-constraint-default="2.12.2" rev-constraint-dynamic="2.12.2" callerrev="1.0.5"/>
				<caller organisation="org.scalatest" name="scalatest_2.12" conf="default, compile, runtime, master" rev="2.12.2" rev-constraint-default="2.12.2" rev-constraint-dynamic="2.12.2" callerrev="3.0.3"/>
				<caller organisation="org.scalactic" name="scalactic_2.12" conf="compile, runtime" rev="2.12.2" rev-constraint-default="2.12.2" rev-constraint-dynamic="2.12.2" callerrev="3.0.3"/>
				<artifacts>
					<artifact name="scala-library" type="jar" ext="jar" status="no" details="" size="5278660" time="0" location="/home/knoldus/.ivy2/cache/org.scala-lang/scala-library/jars/scala-library-2.12.2.jar">
						<origin-location is-local="false" location="https://repo1.maven.org/maven2/org/scala-lang/scala-library/2.12.2/scala-library-2.12.2.jar"/>
					</artifact>
				</artifacts>
			</revision>
		</module>
	</dependencies>
</ivy-report>
